/home/kobifeldman/Code-Complexity-Research/complexity-verification-project/dataset6/src/main/java/Antlr4Master.java:17: warning: [initialization.field.uninitialized] the default constructor does not initialize field log
    private Logger log;
                   ^
/home/kobifeldman/Code-Complexity-Research/complexity-verification-project/dataset6/src/main/java/Antlr4Master.java:18: warning: [initialization.field.uninitialized] the default constructor does not initialize field sourceDirectory
    private String sourceDirectory;
                   ^
/home/kobifeldman/Code-Complexity-Research/complexity-verification-project/dataset6/src/main/java/Antlr4Master.java:19: warning: [initialization.field.uninitialized] the default constructor does not initialize field grammars
    private Grammar grammars;
                    ^
/home/kobifeldman/Code-Complexity-Research/complexity-verification-project/dataset6/src/main/java/Antlr4Master.java:20: warning: [initialization.field.uninitialized] the default constructor does not initialize field grammarName
    private String grammarName;
                   ^
/home/kobifeldman/Code-Complexity-Research/complexity-verification-project/dataset6/src/main/java/Antlr4Master.java:21: warning: [initialization.field.uninitialized] the default constructor does not initialize field startRuleName
    private String startRuleName;
                   ^
/home/kobifeldman/Code-Complexity-Research/complexity-verification-project/dataset6/src/main/java/Antlr4Master.java:22: warning: [initialization.field.uninitialized] the default constructor does not initialize field encoding
    private String encoding;
                   ^
/home/kobifeldman/Code-Complexity-Research/complexity-verification-project/dataset6/src/main/java/Antlr4Master.java:23: warning: [initialization.field.uninitialized] the default constructor does not initialize field inputFiles
    private List<String> inputFiles;
                         ^
/home/kobifeldman/Code-Complexity-Research/complexity-verification-project/dataset6/src/main/java/Antlr4Master.java:25: warning: [initialization.field.uninitialized] the default constructor does not initialize field buckets
    private T[][] buckets;
                  ^
/home/kobifeldman/Code-Complexity-Research/complexity-verification-project/dataset6/src/main/java/Antlr4Master.java:26: warning: [initialization.field.uninitialized] the default constructor does not initialize field comparator
    private Comparador comparator;
                       ^
/home/kobifeldman/Code-Complexity-Research/complexity-verification-project/dataset6/src/main/java/Antlr4Master.java:116: warning: [dereference.of.nullable] dereference of possibly-null reference cl
            lexerClass = cl.loadClass(lexerName).asSubclass(Lexer.class);
                         ^
/home/kobifeldman/Code-Complexity-Research/complexity-verification-project/dataset6/src/main/java/Antlr4Master.java:131: warning: [argument] incompatible argument for parameter initargs of newInstance.
        Lexer lexer = lexerCtor.newInstance((CharStream)null);
                                            ^
  found   : @Initialized @NonNull Antlr4Master.@FBCBottom @Nullable CharStream
  required: @Initialized @NonNull Object
/home/kobifeldman/Code-Complexity-Research/complexity-verification-project/dataset6/src/main/java/Antlr4Master.java:139: warning: [argument] incompatible argument for parameter initargs of newInstance.
            parser = parserCtor.newInstance((TokenStream)null);
                                            ^
  found   : @Initialized @NonNull Antlr4Master.@FBCBottom @Nullable TokenStream
  required: @Initialized @NonNull Object
/home/kobifeldman/Code-Complexity-Research/complexity-verification-project/dataset6/src/main/java/Antlr4Master.java:152: warning: [argument] incompatible argument for parameter c of process.
            process(lexer, parserClass, parser, charStream);
                           ^
  found   : @Initialized @Nullable Class<capture#441 extends @Initialized @NonNull Antlr4Master.@Initialized @NonNull Parser>
  required: @Initialized @NonNull Class</*INFERENCE FAILED for:*/ ? extends @Initialized @NonNull Object>
/home/kobifeldman/Code-Complexity-Research/complexity-verification-project/dataset6/src/main/java/Antlr4Master.java:152: warning: [argument] incompatible argument for parameter p of process.
            process(lexer, parserClass, parser, charStream);
                                        ^
  found   : @Initialized @NonNull Antlr4Master.@Initialized @Nullable Parser
  required: @Initialized @NonNull Antlr4Master.@Initialized @NonNull Parser
/home/kobifeldman/Code-Complexity-Research/complexity-verification-project/dataset6/src/main/java/Antlr4Master.java:167: warning: [argument] incompatible argument for parameter c of process.
            process(lexer, parserClass, parser, charStream);
                           ^
  found   : @Initialized @Nullable Class<capture#743 extends @Initialized @NonNull Antlr4Master.@Initialized @NonNull Parser>
  required: @Initialized @NonNull Class</*INFERENCE FAILED for:*/ ? extends @Initialized @NonNull Object>
/home/kobifeldman/Code-Complexity-Research/complexity-verification-project/dataset6/src/main/java/Antlr4Master.java:167: warning: [argument] incompatible argument for parameter p of process.
            process(lexer, parserClass, parser, charStream);
                                        ^
  found   : @Initialized @NonNull Antlr4Master.@Initialized @Nullable Parser
  required: @Initialized @NonNull Antlr4Master.@Initialized @NonNull Parser
/home/kobifeldman/Code-Complexity-Research/complexity-verification-project/dataset6/src/main/java/Antlr4Master.java:232: warning: [assignment] incompatible types in assignment.
                bucket[bucket.length - 1] = null;
                                            ^
  found   : null (NullType)
  required: @Initialized @NonNull Antlr4Master.@Initialized @NonNull T
/home/kobifeldman/Code-Complexity-Research/complexity-verification-project/dataset6/src/main/java/Antlr4Master.java:332: warning: [return] incompatible types in return.
        return null;
               ^
  type of expression: null (NullType)
  method return type: @Initialized @NonNull Collection<@Initialized @NonNull String>
/home/kobifeldman/Code-Complexity-Research/complexity-verification-project/dataset6/src/main/java/Antlr4Master.java:336: warning: [return] incompatible types in return.
        return null;
               ^
  type of expression: null (NullType)
  method return type: @Initialized @NonNull String
/home/kobifeldman/Code-Complexity-Research/complexity-verification-project/dataset6/src/main/java/Antlr4Master.java:357: warning: [return] incompatible types in return.
            return null;
                   ^
  type of expression: null (NullType)
  method return type: @Initialized @NonNull Antlr4Master.@Initialized @NonNull CharStream
/home/kobifeldman/Code-Complexity-Research/complexity-verification-project/dataset6/src/main/java/Antlr4Master.java:361: warning: [return] incompatible types in return.
            return null;
                   ^
  type of expression: null (NullType)
  method return type: @Initialized @NonNull Antlr4Master.@Initialized @NonNull CharStream
/home/kobifeldman/Code-Complexity-Research/complexity-verification-project/dataset6/src/main/java/Antlr4Master.java:395: warning: [return] incompatible types in return.
            return null;
                   ^
  type of expression: null (NullType)
  method return type: @Initialized @NonNull Iterator<@Initialized @NonNull ATNConfig>
/home/kobifeldman/Code-Complexity-Research/complexity-verification-project/dataset6/src/main/java/Antlr4Master.java:404: warning: [override.param] Incompatible parameter type for a.
        public <T> T[] toArray(T[] a) {
                                   ^
  found   : T extends @Initialized @Nullable Object @Initialized @NonNull []
  required: T extends @Initialized @PolyNull Object @Initialized @NonNull []
  Consequence: method in @Initialized @NonNull ATNConfigSet
    <T extends @Initialized @Nullable Object> T extends @Initialized @Nullable Object @Initialized @NonNull [] toArray(@Initialized @NonNull ATNConfigSet this, T extends @Initialized @Nullable Object @Initialized @NonNull [] p0)
  cannot override method in @Initialized @NonNull Set<@Initialized @NonNull ATNConfig>
    <T extends @Initialized @Nullable Object> T extends @Initialized @Nullable Object @Initialized @NonNull [] toArray(@Initialized @NonNull Set<@Initialized @NonNull ATNConfig> this, T extends @Initialized @PolyNull Object @Initialized @NonNull [] p0)
/home/kobifeldman/Code-Complexity-Research/complexity-verification-project/dataset6/src/main/java/Antlr4Master.java:405: warning: [return] incompatible types in return.
            return null;
                   ^
  type of expression: null (NullType)
  method return type: T extends @Initialized @Nullable Object @Initialized @NonNull []
/home/kobifeldman/Code-Complexity-Research/complexity-verification-project/dataset6/src/main/java/Antlr4Master.java:448: warning: [return] incompatible types in return.
            return null;
                   ^
  type of expression: null (NullType)
  method return type: @Initialized @NonNull Transaction
/home/kobifeldman/Code-Complexity-Research/complexity-verification-project/dataset6/src/main/java/Antlr4Master.java:453: warning: [assignment] incompatible types in assignment.
        public static final PredictionMode SLL = null;
                                                 ^
  found   : null (NullType)
  required: @Initialized @NonNull PredictionMode
/home/kobifeldman/Code-Complexity-Research/complexity-verification-project/dataset6/src/main/java/Antlr4Master.java:463: warning: [assignment] incompatible types in assignment.
        public static final Object NONE = null;
                                          ^
  found   : null (NullType)
  required: @Initialized @NonNull Object
/home/kobifeldman/Code-Complexity-Research/complexity-verification-project/dataset6/src/main/java/Antlr4Master.java:471: warning: [return] incompatible types in return.
        return null;
               ^
  type of expression: null (NullType)
  method return type: @Initialized @NonNull Collection<@Initialized @NonNull BitSet>
/home/kobifeldman/Code-Complexity-Research/complexity-verification-project/dataset6/src/main/java/Antlr4Master.java:501: warning: [return] incompatible types in return.
            return null;
                   ^
  type of expression: null (NullType)
  method return type: @Initialized @NonNull Antlr4Master.@Initialized @NonNull LexerInterpreter
/home/kobifeldman/Code-Complexity-Research/complexity-verification-project/dataset6/src/main/java/Antlr4Master.java:524: warning: [return] incompatible types in return.
            return null;
                   ^
  type of expression: null (NullType)
  method return type: @Initialized @NonNull JLabel
/home/kobifeldman/Code-Complexity-Research/complexity-verification-project/dataset6/src/main/java/Antlr4Master.java:532: warning: [return] incompatible types in return.
            return null;
                   ^
  type of expression: null (NullType)
  method return type: @Initialized @NonNull String
/home/kobifeldman/Code-Complexity-Research/complexity-verification-project/dataset6/src/main/java/Antlr4Master.java:536: warning: [return] incompatible types in return.
            return null;
                   ^
  type of expression: null (NullType)
  method return type: @Initialized @NonNull String
/home/kobifeldman/Code-Complexity-Research/complexity-verification-project/dataset6/src/main/java/Antlr4Master.java:546: warning: [return] incompatible types in return.
            return null;
                   ^
  type of expression: null (NullType)
  method return type: @Initialized @NonNull String
/home/kobifeldman/Code-Complexity-Research/complexity-verification-project/dataset6/src/main/java/Antlr4Master.java:184: warning: [not.interned] attempting to use a non-@Interned comparison operand
        if ( mode == PredictionMode.SLL ) {
             ^
/home/kobifeldman/Code-Complexity-Research/complexity-verification-project/dataset6/src/main/java/Antlr4Master.java:184: warning: [not.interned] attempting to use a non-@Interned comparison operand
        if ( mode == PredictionMode.SLL ) {
                                   ^
/home/kobifeldman/Code-Complexity-Research/complexity-verification-project/dataset6/src/main/java/Antlr4Master.java:216: warning: [array.access.unsafe.low] Potentially unsafe array access: the index could be negative.
        T[] bucket = buckets[b];
                             ^
  found   : @LowerBoundUnknown int
  required: an integer >= 0 (@NonNegative or @Positive)
/home/kobifeldman/Code-Complexity-Research/complexity-verification-project/dataset6/src/main/java/Antlr4Master.java:216: warning: [array.access.unsafe.high] Potentially unsafe array access: the index could be larger than the array's bound
        T[] bucket = buckets[b];
                             ^
  found   : @UpperBoundUnknown int
  required: @IndexFor("this.buckets") or @LTLengthOf("this.buckets") -- an integer less than this.buckets's length
/home/kobifeldman/Code-Complexity-Research/complexity-verification-project/dataset6/src/main/java/Antlr4Master.java:232: warning: [array.access.unsafe.low] Potentially unsafe array access: the index could be negative.
                bucket[bucket.length - 1] = null;
                                     ^
  found   : @GTENegativeOne int
  required: an integer >= 0 (@NonNegative or @Positive)
/home/kobifeldman/Code-Complexity-Research/complexity-verification-project/dataset6/src/main/java/Antlr4Master.java:379: warning: [override.return] Incompatible return type.
        public int size() {
               ^
  found   : @LowerBoundUnknown int
  required: @NonNegative int
  Consequence: method in @LowerBoundUnknown ATNConfigSet
    @LowerBoundUnknown int size(@LowerBoundUnknown ATNConfigSet this)
  cannot override method in @LowerBoundUnknown Set<@LowerBoundUnknown ATNConfig>
    @NonNegative int size(@LowerBoundUnknown Set<@LowerBoundUnknown ATNConfig> this)
/home/kobifeldman/Code-Complexity-Research/complexity-verification-project/dataset6/src/main/java/Antlr4Master.java:116: warning: [argument] incompatible argument for parameter name of loadClass.
            lexerClass = cl.loadClass(lexerName).asSubclass(Lexer.class);
                                      ^
  found   : @SignatureUnknown String
  required: @BinaryName String
/home/kobifeldman/Code-Complexity-Research/complexity-verification-project/dataset6/src/main/java/Antlr4Master.java:122: warning: [argument] incompatible argument for parameter name of loadClass.
                lexerClass = cl.loadClass(lexerName).asSubclass(Lexer.class);
                                          ^
  found   : @SignatureUnknown String
  required: @BinaryName String
/home/kobifeldman/Code-Complexity-Research/complexity-verification-project/dataset6/src/main/java/Antlr4Master.java:137: warning: [argument] incompatible argument for parameter name of loadClass.
            parserClass = cl.loadClass(parserName).asSubclass(Parser.class);
                                       ^
  found   : @SignatureUnknown String
  required: @BinaryName String
/home/kobifeldman/Code-Complexity-Research/complexity-verification-project/dataset6/src/main/java/MyExpenses.java:13: warning: [assignment] incompatible types in assignment.
    private static final Object TASK_PRINT = null;
                                             ^
  found   : null (NullType)
  required: @Initialized @NonNull Object
/home/kobifeldman/Code-Complexity-Research/complexity-verification-project/dataset6/src/main/java/MyExpenses.java:14: warning: [assignment] incompatible types in assignment.
    private static final Dummy KEY_ROWID = null;
                                           ^
  found   : null (NullType)
  required: @Initialized @NonNull MyExpenses.@Initialized @NonNull Dummy
/home/kobifeldman/Code-Complexity-Research/complexity-verification-project/dataset6/src/main/java/MyExpenses.java:15: warning: [initialization.field.uninitialized] the default constructor does not initialize field mDrawerListAdapter
    private StickyListHeadersAdapter mDrawerListAdapter;
                                     ^
/home/kobifeldman/Code-Complexity-Research/complexity-verification-project/dataset6/src/main/java/MyExpenses.java:17: warning: [initialization.field.uninitialized] the default constructor does not initialize field mList
    private Dummy mList;
                  ^
/home/kobifeldman/Code-Complexity-Research/complexity-verification-project/dataset6/src/main/java/MyExpenses.java:18: warning: [initialization.field.uninitialized] the default constructor does not initialize field payeeToId
    private Dummy payeeToId;
                  ^
/home/kobifeldman/Code-Complexity-Research/complexity-verification-project/dataset6/src/main/java/MyExpenses.java:19: warning: [initialization.field.uninitialized] the default constructor does not initialize field currentFont
    private Font currentFont;
                 ^
/home/kobifeldman/Code-Complexity-Research/complexity-verification-project/dataset6/src/main/java/MyExpenses.java:21: warning: [initialization.field.uninitialized] the default constructor does not initialize field mAdapter
    private Dummy mAdapter;
                  ^
/home/kobifeldman/Code-Complexity-Research/complexity-verification-project/dataset6/src/main/java/MyExpenses.java:22: warning: [initialization.field.uninitialized] the default constructor does not initialize field files
    private Dummy[] files;
                    ^
/home/kobifeldman/Code-Complexity-Research/complexity-verification-project/dataset6/src/main/java/MyExpenses.java:69: warning: [argument] incompatible argument for parameter o of startTaskExecution.
                            null,
                            ^
  found   : null (NullType)
  required: @Initialized @NonNull Object
/home/kobifeldman/Code-Complexity-Research/complexity-verification-project/dataset6/src/main/java/MyExpenses.java:169: warning: [return] incompatible types in return.
        return null;
               ^
  type of expression: null (NullType)
  method return type: @Initialized @NonNull MyExpenses.@Initialized @NonNull Dummy
/home/kobifeldman/Code-Complexity-Research/complexity-verification-project/dataset6/src/main/java/MyExpenses.java:266: warning: [return] incompatible types in return.
        return newChunk;
               ^
  type of expression: @Initialized @NonNull MyExpenses.@Initialized @Nullable Chunk
  method return type: @Initialized @NonNull MyExpenses.@Initialized @NonNull Chunk
/home/kobifeldman/Code-Complexity-Research/complexity-verification-project/dataset6/src/main/java/MyExpenses.java:270: warning: [return] incompatible types in return.
        return null;
               ^
  type of expression: null (NullType)
  method return type: @Initialized @NonNull MyExpenses.@Initialized @NonNull Font
/home/kobifeldman/Code-Complexity-Research/complexity-verification-project/dataset6/src/main/java/MyExpenses.java:325: warning: [return] incompatible types in return.
            return null;
                   ^
  type of expression: null (NullType)
  method return type: @Initialized @NonNull Account
/home/kobifeldman/Code-Complexity-Research/complexity-verification-project/dataset6/src/main/java/MyExpenses.java:352: warning: [assignment] incompatible types in assignment.
        public static final Object KEY_FILTER = null;
                                                ^
  found   : null (NullType)
  required: @Initialized @NonNull Object
/home/kobifeldman/Code-Complexity-Research/complexity-verification-project/dataset6/src/main/java/MyExpenses.java:355: warning: [return] incompatible types in return.
            return null;
                   ^
  type of expression: null (NullType)
  method return type: @Initialized @NonNull Object
/home/kobifeldman/Code-Complexity-Research/complexity-verification-project/dataset6/src/main/java/MyExpenses.java:370: warning: [assignment] incompatible types in assignment.
        public static final Object TASK_SPLIT = null;
                                                ^
  found   : null (NullType)
  required: @Initialized @NonNull Object
/home/kobifeldman/Code-Complexity-Research/complexity-verification-project/dataset6/src/main/java/MyExpenses.java:373: warning: [return] incompatible types in return.
            return null;
                   ^
  type of expression: null (NullType)
  method return type: @Initialized @NonNull Object
/home/kobifeldman/Code-Complexity-Research/complexity-verification-project/dataset6/src/main/java/MyExpenses.java:378: warning: [assignment] incompatible types in assignment.
        public static final Dummy ASYNC_TAG = null;
                                              ^
  found   : null (NullType)
  required: @Initialized @NonNull MyExpenses.@Initialized @NonNull Dummy
/home/kobifeldman/Code-Complexity-Research/complexity-verification-project/dataset6/src/main/java/MyExpenses.java:379: warning: [assignment] incompatible types in assignment.
        public static final Dummy PROGRESS_TAG = null;
                                                 ^
  found   : null (NullType)
  required: @Initialized @NonNull MyExpenses.@Initialized @NonNull Dummy
/home/kobifeldman/Code-Complexity-Research/complexity-verification-project/dataset6/src/main/java/MyExpenses.java:384: warning: [return] incompatible types in return.
            return null;
                   ^
  type of expression: null (NullType)
  method return type: @Initialized @NonNull Object
/home/kobifeldman/Code-Complexity-Research/complexity-verification-project/dataset6/src/main/java/MyExpenses.java:389: warning: [initialization.static.field.uninitialized] static field string not initialized
        public static Dummy string;
                            ^
/home/kobifeldman/Code-Complexity-Research/complexity-verification-project/dataset6/src/main/java/MyExpenses.java:398: warning: [return] incompatible types in return.
            return null;
                   ^
  type of expression: null (NullType)
  method return type: @Initialized @NonNull Long
/home/kobifeldman/Code-Complexity-Research/complexity-verification-project/dataset6/src/main/java/MyExpenses.java:402: warning: [return] incompatible types in return.
            return null;
                   ^
  type of expression: null (NullType)
  method return type: @Initialized @NonNull MyExpenses.@Initialized @NonNull Dummy
/home/kobifeldman/Code-Complexity-Research/complexity-verification-project/dataset6/src/main/java/MyExpenses.java:406: warning: [return] incompatible types in return.
            return null;
                   ^
  type of expression: null (NullType)
  method return type: @Initialized @NonNull MyExpenses.@Initialized @NonNull Dummy
/home/kobifeldman/Code-Complexity-Research/complexity-verification-project/dataset6/src/main/java/MyExpenses.java:410: warning: [return] incompatible types in return.
            return null;
                   ^
  type of expression: null (NullType)
  method return type: @Initialized @NonNull MyExpenses.@Initialized @NonNull Dummy
/home/kobifeldman/Code-Complexity-Research/complexity-verification-project/dataset6/src/main/java/MyExpenses.java:414: warning: [return] incompatible types in return.
            return null;
                   ^
  type of expression: null (NullType)
  method return type: @Initialized @NonNull MyExpenses.@Initialized @NonNull Dummy
/home/kobifeldman/Code-Complexity-Research/complexity-verification-project/dataset6/src/main/java/MyExpenses.java:418: warning: [return] incompatible types in return.
            return null;
                   ^
  type of expression: null (NullType)
  method return type: @Initialized @NonNull MyExpenses.@Initialized @NonNull Dummy
/home/kobifeldman/Code-Complexity-Research/complexity-verification-project/dataset6/src/main/java/MyExpenses.java:422: warning: [return] incompatible types in return.
            return null;
                   ^
  type of expression: null (NullType)
  method return type: @Initialized @NonNull MyExpenses.@Initialized @NonNull Dummy
/home/kobifeldman/Code-Complexity-Research/complexity-verification-project/dataset6/src/main/java/MyExpenses.java:426: warning: [return] incompatible types in return.
            return null;
                   ^
  type of expression: null (NullType)
  method return type: @Initialized @NonNull MyExpenses.@Initialized @NonNull Dummy
/home/kobifeldman/Code-Complexity-Research/complexity-verification-project/dataset6/src/main/java/MyExpenses.java:430: warning: [return] incompatible types in return.
            return null;
                   ^
  type of expression: null (NullType)
  method return type: @Initialized @NonNull Long
/home/kobifeldman/Code-Complexity-Research/complexity-verification-project/dataset6/src/main/java/MyExpenses.java:434: warning: [return] incompatible types in return.
            return null;
                   ^
  type of expression: null (NullType)
  method return type: @Initialized @NonNull MyExpenses.@Initialized @NonNull Dummy
/home/kobifeldman/Code-Complexity-Research/complexity-verification-project/dataset6/src/main/java/MyExpenses.java:438: warning: [return] incompatible types in return.
            return null;
                   ^
  type of expression: null (NullType)
  method return type: @Initialized @NonNull MyExpenses.@Initialized @NonNull Dummy
/home/kobifeldman/Code-Complexity-Research/complexity-verification-project/dataset6/src/main/java/MyExpenses.java:442: warning: [return] incompatible types in return.
            return null;
                   ^
  type of expression: null (NullType)
  method return type: @Initialized @NonNull MyExpenses.@Initialized @NonNull Dummy
/home/kobifeldman/Code-Complexity-Research/complexity-verification-project/dataset6/src/main/java/MyExpenses.java:446: warning: [return] incompatible types in return.
            return null;
                   ^
  type of expression: null (NullType)
  method return type: @Initialized @NonNull MyExpenses.@Initialized @NonNull Dummy
/home/kobifeldman/Code-Complexity-Research/complexity-verification-project/dataset6/src/main/java/MyExpenses.java:450: warning: [return] incompatible types in return.
            return null;
                   ^
  type of expression: null (NullType)
  method return type: @Initialized @NonNull MyExpenses.@Initialized @NonNull TransactionChange.@Initialized @NonNull Builder
/home/kobifeldman/Code-Complexity-Research/complexity-verification-project/dataset6/src/main/java/MyExpenses.java:508: warning: [return] incompatible types in return.
                return null;
                       ^
  type of expression: null (NullType)
  method return type: @Initialized @NonNull MyExpenses.@Initialized @NonNull Dummy
/home/kobifeldman/Code-Complexity-Research/complexity-verification-project/dataset6/src/main/java/MyExpenses.java:526: warning: [initialization.fields.uninitialized] the constructor does not initialize fields: uuid, comment, referenceNumber, crStatus
        public Transaction(Dummy id, Long amount) {
               ^
/home/kobifeldman/Code-Complexity-Research/complexity-verification-project/dataset6/src/main/java/MyExpenses.java:530: warning: [initialization.fields.uninitialized] the constructor does not initialize fields: uuid, comment, referenceNumber, crStatus
        public Transaction() {
               ^
/home/kobifeldman/Code-Complexity-Research/complexity-verification-project/dataset6/src/main/java/MyExpenses.java:547: warning: [return] incompatible types in return.
            return null;
                   ^
  type of expression: null (NullType)
  method return type: @Initialized @NonNull ArrayList<@Initialized @NonNull MyExpenses.@Initialized @NonNull ContentProviderOperation>
/home/kobifeldman/Code-Complexity-Research/complexity-verification-project/dataset6/src/main/java/MyExpenses.java:556: warning: [return] incompatible types in return.
                return null;
                       ^
  type of expression: null (NullType)
  method return type: @Initialized @NonNull MyExpenses.@Initialized @NonNull Dummy
/home/kobifeldman/Code-Complexity-Research/complexity-verification-project/dataset6/src/main/java/MyExpenses.java:578: warning: [return] incompatible types in return.
            return null;
                   ^
  type of expression: null (NullType)
  method return type: @Initialized @NonNull MyExpenses.@Initialized @NonNull Dummy
/home/kobifeldman/Code-Complexity-Research/complexity-verification-project/dataset6/src/main/java/MyExpenses.java:599: warning: [initialization.field.uninitialized] the default constructor does not initialize field progress_dialog_printing
        public Dummy progress_dialog_printing;
                     ^
/home/kobifeldman/Code-Complexity-Research/complexity-verification-project/dataset6/src/main/java/MyExpenses.java:602: warning: [return] incompatible types in return.
            return null;
                   ^
  type of expression: null (NullType)
  method return type: @Initialized @NonNull MyExpenses.@Initialized @NonNull View
/home/kobifeldman/Code-Complexity-Research/complexity-verification-project/dataset6/src/main/java/MyExpenses.java:606: warning: [return] incompatible types in return.
            return null;
                   ^
  type of expression: null (NullType)
  method return type: @Initialized @NonNull MyExpenses.@Initialized @NonNull Dummy
/home/kobifeldman/Code-Complexity-Research/complexity-verification-project/dataset6/src/main/java/MyExpenses.java:610: warning: [return] incompatible types in return.
            return null;
                   ^
  type of expression: null (NullType)
  method return type: @Initialized @NonNull MyExpenses.@Initialized @NonNull Dummy
/home/kobifeldman/Code-Complexity-Research/complexity-verification-project/dataset6/src/main/java/MyExpenses.java:618: warning: [return] incompatible types in return.
            return null;
                   ^
  type of expression: null (NullType)
  method return type: @Initialized @NonNull MyExpenses.@Initialized @NonNull Dummy
/home/kobifeldman/Code-Complexity-Research/complexity-verification-project/dataset6/src/main/java/MyExpenses.java:622: warning: [return] incompatible types in return.
            return null;
                   ^
  type of expression: null (NullType)
  method return type: @Initialized @NonNull MyExpenses.@Initialized @NonNull TransactionChange
/home/kobifeldman/Code-Complexity-Research/complexity-verification-project/dataset6/src/main/java/MyExpenses.java:670: warning: [return] incompatible types in return.
        return null;
               ^
  type of expression: null (NullType)
  method return type: @Initialized @NonNull MyExpenses.@Initialized @NonNull Dummy
/home/kobifeldman/Code-Complexity-Research/complexity-verification-project/dataset6/src/main/java/MyExpenses.java:678: warning: [return] incompatible types in return.
        return null;
               ^
  type of expression: null (NullType)
  method return type: @Initialized @NonNull TransactionList
/home/kobifeldman/Code-Complexity-Research/complexity-verification-project/dataset6/src/main/java/MyExpenses.java:697: warning: [return] incompatible types in return.
            return null;
                   ^
  type of expression: null (NullType)
  method return type: @Initialized @NonNull Object
/home/kobifeldman/Code-Complexity-Research/complexity-verification-project/dataset6/src/main/java/MyExpenses.java:236: warning: [not.interned] attempting to use a non-@Interned comparison operand
                        if (currentFont != font) {
                            ^
/home/kobifeldman/Code-Complexity-Research/complexity-verification-project/dataset6/src/main/java/MyExpenses.java:236: warning: [not.interned] attempting to use a non-@Interned comparison operand
                        if (currentFont != font) {
                                           ^
/home/kobifeldman/Code-Complexity-Research/complexity-verification-project/dataset6/src/main/java/MyExpenses.java:253: warning: [not.interned] attempting to use a non-@Interned comparison operand
                        if (currentFont != font) {
                            ^
/home/kobifeldman/Code-Complexity-Research/complexity-verification-project/dataset6/src/main/java/MyExpenses.java:253: warning: [not.interned] attempting to use a non-@Interned comparison operand
                        if (currentFont != font) {
                                           ^
/home/kobifeldman/Code-Complexity-Research/complexity-verification-project/dataset6/src/main/java/MyExpenses.java:225: warning: [array.access.unsafe.low] Potentially unsafe array access: the index could be negative.
        char c = cc[k];
                    ^
  found   : @LowerBoundUnknown int
  required: an integer >= 0 (@NonNegative or @Positive)
/home/kobifeldman/Code-Complexity-Research/complexity-verification-project/dataset6/src/main/java/MyExpenses.java:225: warning: [array.access.unsafe.high] Potentially unsafe array access: the index could be larger than the array's bound
        char c = cc[k];
                    ^
  found   : @UpperBoundUnknown int
  required: @IndexFor("cc") or @LTLengthOf("cc") -- an integer less than cc's length
/home/kobifeldman/Code-Complexity-Research/complexity-verification-project/dataset6/src/main/java/MyExpenses.java:244: warning: [array.access.unsafe.low] Potentially unsafe array access: the index could be negative.
                        sb.append(cc[++k]);
                                     ^
  found   : @LowerBoundUnknown int
  required: an integer >= 0 (@NonNegative or @Positive)
/home/kobifeldman/Code-Complexity-Research/complexity-verification-project/dataset6/src/main/java/MyExpenses.java:244: warning: [array.access.unsafe.high] Potentially unsafe array access: the index could be larger than the array's bound
                        sb.append(cc[++k]);
                                     ^
  found   : @UpperBoundUnknown int
  required: @IndexFor("cc") or @LTLengthOf("cc") -- an integer less than cc's length
/home/kobifeldman/Code-Complexity-Research/complexity-verification-project/dataset6/src/main/java/CarReport.java:12: warning: [assignment] incompatible types in assignment.
    private static final Object TAG = null;
                                      ^
  found   : null (NullType)
  required: @Initialized @NonNull Object
/home/kobifeldman/Code-Complexity-Research/complexity-verification-project/dataset6/src/main/java/CarReport.java:13: warning: [initialization.field.uninitialized] the default constructor does not initialize field mFuelType
    private Save mFuelType;
                 ^
/home/kobifeldman/Code-Complexity-Research/complexity-verification-project/dataset6/src/main/java/CarReport.java:14: warning: [initialization.field.uninitialized] the default constructor does not initialize field mEdtCategory
    private Save mEdtCategory;
                 ^
/home/kobifeldman/Code-Complexity-Research/complexity-verification-project/dataset6/src/main/java/CarReport.java:15: warning: [initialization.field.uninitialized] the default constructor does not initialize field mEdtName
    private Save mEdtName;
                 ^
/home/kobifeldman/Code-Complexity-Research/complexity-verification-project/dataset6/src/main/java/CarReport.java:16: warning: [initialization.field.uninitialized] the default constructor does not initialize field mOtherFuelTypeNames
    private List<Object> mOtherFuelTypeNames;
                         ^
/home/kobifeldman/Code-Complexity-Research/complexity-verification-project/dataset6/src/main/java/CarReport.java:17: warning: [initialization.field.uninitialized] the default constructor does not initialize field mBtnOk
    private Button mBtnOk;
                   ^
/home/kobifeldman/Code-Complexity-Research/complexity-verification-project/dataset6/src/main/java/CarReport.java:18: warning: [initialization.field.uninitialized] the default constructor does not initialize field mTxtTrustCertificateDescription
    private View mTxtTrustCertificateDescription;
                 ^
/home/kobifeldman/Code-Complexity-Research/complexity-verification-project/dataset6/src/main/java/CarReport.java:19: warning: [initialization.field.uninitialized] the default constructor does not initialize field mTxtTrustCertificate
    private View mTxtTrustCertificate;
                 ^
/home/kobifeldman/Code-Complexity-Research/complexity-verification-project/dataset6/src/main/java/CarReport.java:20: warning: [initialization.field.uninitialized] the default constructor does not initialize field mChkTrustCertificate
    private View mChkTrustCertificate;
                 ^
/home/kobifeldman/Code-Complexity-Research/complexity-verification-project/dataset6/src/main/java/CarReport.java:21: warning: [initialization.field.uninitialized] the default constructor does not initialize field mEdtUserName
    private EditText mEdtUserName;
                     ^
/home/kobifeldman/Code-Complexity-Research/complexity-verification-project/dataset6/src/main/java/CarReport.java:22: warning: [initialization.field.uninitialized] the default constructor does not initialize field mEdtPassword
    private EditText mEdtPassword;
                     ^
/home/kobifeldman/Code-Complexity-Research/complexity-verification-project/dataset6/src/main/java/CarReport.java:23: warning: [initialization.field.uninitialized] the default constructor does not initialize field mEdtUrl
    private EditText mEdtUrl;
                     ^
/home/kobifeldman/Code-Complexity-Research/complexity-verification-project/dataset6/src/main/java/CarReport.java:24: warning: [initialization.field.uninitialized] the default constructor does not initialize field mFullScreenChartAnimator
    private AnimatorSet mFullScreenChartAnimator;
                        ^
/home/kobifeldman/Code-Complexity-Research/complexity-verification-project/dataset6/src/main/java/CarReport.java:25: warning: [initialization.field.uninitialized] the default constructor does not initialize field mCurrentFullScreenChart
    private ComboLineColumnChartView mCurrentFullScreenChart;
                                     ^
/home/kobifeldman/Code-Complexity-Research/complexity-verification-project/dataset6/src/main/java/CarReport.java:26: warning: [initialization.field.uninitialized] the default constructor does not initialize field mFullScreenChart
    private View mFullScreenChart;
                 ^
/home/kobifeldman/Code-Complexity-Research/complexity-verification-project/dataset6/src/main/java/CarReport.java:27: warning: [initialization.field.uninitialized] the default constructor does not initialize field mCurrentFullScreenStartBounds
    private Rect mCurrentFullScreenStartBounds;
                 ^
/home/kobifeldman/Code-Complexity-Research/complexity-verification-project/dataset6/src/main/java/CarReport.java:30: warning: [initialization.field.uninitialized] the default constructor does not initialize field mFullScreenChartHolder
    private ComboLineColumnChartView mFullScreenChartHolder;
                                     ^
/home/kobifeldman/Code-Complexity-Research/complexity-verification-project/dataset6/src/main/java/CarReport.java:31: warning: [initialization.field.uninitialized] the default constructor does not initialize field android
    private View android;
                 ^
/home/kobifeldman/Code-Complexity-Research/complexity-verification-project/dataset6/src/main/java/CarReport.java:32: warning: [initialization.field.uninitialized] the default constructor does not initialize field mAppBarLayout
    private ComboLineColumnChartView mAppBarLayout;
                                     ^
/home/kobifeldman/Code-Complexity-Research/complexity-verification-project/dataset6/src/main/java/CarReport.java:33: warning: [initialization.field.uninitialized] the default constructor does not initialize field mDbxClient
    private View mDbxClient;
                 ^
/home/kobifeldman/Code-Complexity-Research/complexity-verification-project/dataset6/src/main/java/CarReport.java:88: warning: [return] incompatible types in return.
            return null;
                   ^
  type of expression: null (NullType)
  method return type: @Initialized @NonNull String
/home/kobifeldman/Code-Complexity-Research/complexity-verification-project/dataset6/src/main/java/CarReport.java:152: warning: [argument] incompatible argument for parameter date of suspendedSince.
        CarCursor car = new CarSelection().suspendedSince((Date) null).query(getContentResolver(),
                                                          ^
  found   : @FBCBottom @Nullable Date
  required: @Initialized @NonNull Date
/home/kobifeldman/Code-Complexity-Research/complexity-verification-project/dataset6/src/main/java/CarReport.java:240: warning: [assignment] incompatible types in assignment.
                mFullScreenChartAnimator = null;
                                           ^
  found   : null (NullType)
  required: @Initialized @NonNull CarReport.@Initialized @NonNull AnimatorSet
/home/kobifeldman/Code-Complexity-Research/complexity-verification-project/dataset6/src/main/java/CarReport.java:285: warning: [return] incompatible types in return.
        return null;
               ^
  type of expression: null (NullType)
  method return type: @Initialized @NonNull File
/home/kobifeldman/Code-Complexity-Research/complexity-verification-project/dataset6/src/main/java/CarReport.java:289: warning: [return] incompatible types in return.
        return null;
               ^
  type of expression: null (NullType)
  method return type: @Initialized @NonNull View
/home/kobifeldman/Code-Complexity-Research/complexity-verification-project/dataset6/src/main/java/CarReport.java:293: warning: [return] incompatible types in return.
        return null;
               ^
  type of expression: null (NullType)
  method return type: @Initialized @NonNull CarReport.@Initialized @NonNull ComboLineColumnChartView
/home/kobifeldman/Code-Complexity-Research/complexity-verification-project/dataset6/src/main/java/CarReport.java:301: warning: [return] incompatible types in return.
        return null;
               ^
  type of expression: null (NullType)
  method return type: @Initialized @NonNull CarReport.@Initialized @NonNull ReportChartOptions
/home/kobifeldman/Code-Complexity-Research/complexity-verification-project/dataset6/src/main/java/CarReport.java:305: warning: [return] incompatible types in return.
        return null;
               ^
  type of expression: null (NullType)
  method return type: @Initialized @NonNull CarReport.@Initialized @NonNull Save
/home/kobifeldman/Code-Complexity-Research/complexity-verification-project/dataset6/src/main/java/CarReport.java:309: warning: [return] incompatible types in return.
        return null;
               ^
  type of expression: null (NullType)
  method return type: @Initialized @NonNull CarReport.@Initialized @NonNull Save
/home/kobifeldman/Code-Complexity-Research/complexity-verification-project/dataset6/src/main/java/CarReport.java:316: warning: [return] incompatible types in return.
            return null;
                   ^
  type of expression: null (NullType)
  method return type: @Initialized @NonNull CarReport.@Initialized @NonNull Save
/home/kobifeldman/Code-Complexity-Research/complexity-verification-project/dataset6/src/main/java/CarReport.java:320: warning: [return] incompatible types in return.
            return null;
                   ^
  type of expression: null (NullType)
  method return type: @Initialized @NonNull Object
/home/kobifeldman/Code-Complexity-Research/complexity-verification-project/dataset6/src/main/java/CarReport.java:324: warning: [return] incompatible types in return.
            return null;
                   ^
  type of expression: null (NullType)
  method return type: @Initialized @NonNull Object
/home/kobifeldman/Code-Complexity-Research/complexity-verification-project/dataset6/src/main/java/CarReport.java:352: warning: [return] incompatible types in return.
            return null;
                   ^
  type of expression: null (NullType)
  method return type: @Initialized @NonNull CarReport.@Initialized @NonNull FuelTypeSelection
/home/kobifeldman/Code-Complexity-Research/complexity-verification-project/dataset6/src/main/java/CarReport.java:381: warning: [initialization.static.field.uninitialized] static field string not initialized
        public static Save string;
                           ^
/home/kobifeldman/Code-Complexity-Research/complexity-verification-project/dataset6/src/main/java/CarReport.java:382: warning: [initialization.static.field.uninitialized] static field id not initialized
        public static R id;
                        ^
/home/kobifeldman/Code-Complexity-Research/complexity-verification-project/dataset6/src/main/java/CarReport.java:383: warning: [initialization.static.field.uninitialized] static field layout not initialized
        public static View layout;
                           ^
/home/kobifeldman/Code-Complexity-Research/complexity-verification-project/dataset6/src/main/java/CarReport.java:384: warning: [initialization.field.uninitialized] the default constructor does not initialize field edt_url
        public Object edt_url;
                      ^
/home/kobifeldman/Code-Complexity-Research/complexity-verification-project/dataset6/src/main/java/CarReport.java:385: warning: [initialization.field.uninitialized] the default constructor does not initialize field edt_user_name
        public Object edt_user_name;
                      ^
/home/kobifeldman/Code-Complexity-Research/complexity-verification-project/dataset6/src/main/java/CarReport.java:386: warning: [initialization.field.uninitialized] the default constructor does not initialize field edt_password
        public Object edt_password;
                      ^
/home/kobifeldman/Code-Complexity-Research/complexity-verification-project/dataset6/src/main/java/CarReport.java:387: warning: [initialization.field.uninitialized] the default constructor does not initialize field txt_trust_certificate_description
        public Object txt_trust_certificate_description;
                      ^
/home/kobifeldman/Code-Complexity-Research/complexity-verification-project/dataset6/src/main/java/CarReport.java:388: warning: [initialization.field.uninitialized] the default constructor does not initialize field txt_trust_certificate
        public Object txt_trust_certificate;
                      ^
/home/kobifeldman/Code-Complexity-Research/complexity-verification-project/dataset6/src/main/java/CarReport.java:389: warning: [initialization.field.uninitialized] the default constructor does not initialize field chk_trust_certificate
        public Object chk_trust_certificate;
                      ^
/home/kobifeldman/Code-Complexity-Research/complexity-verification-project/dataset6/src/main/java/CarReport.java:390: warning: [initialization.field.uninitialized] the default constructor does not initialize field btn_ok
        public Object btn_ok;
                      ^
/home/kobifeldman/Code-Complexity-Research/complexity-verification-project/dataset6/src/main/java/CarReport.java:391: warning: [initialization.field.uninitialized] the default constructor does not initialize field btn_cancel
        public Object btn_cancel;
                      ^
/home/kobifeldman/Code-Complexity-Research/complexity-verification-project/dataset6/src/main/java/CarReport.java:399: warning: [assignment] incompatible types in assignment.
            public static final Object MATCH_PARENT = null;
                                                      ^
  found   : null (NullType)
  required: @Initialized @NonNull Object
/home/kobifeldman/Code-Complexity-Research/complexity-verification-project/dataset6/src/main/java/CarReport.java:400: warning: [assignment] incompatible types in assignment.
            public static final Object WRAP_CONTENT = null;
                                                      ^
  found   : null (NullType)
  required: @Initialized @NonNull Object
/home/kobifeldman/Code-Complexity-Research/complexity-verification-project/dataset6/src/main/java/CarReport.java:414: warning: [assignment] incompatible types in assignment.
        public static final Object GONE = null;
                                          ^
  found   : null (NullType)
  required: @Initialized @NonNull Object
/home/kobifeldman/Code-Complexity-Research/complexity-verification-project/dataset6/src/main/java/CarReport.java:415: warning: [assignment] incompatible types in assignment.
        public static final Object INVISIBLE = null;
                                               ^
  found   : null (NullType)
  required: @Initialized @NonNull Object
/home/kobifeldman/Code-Complexity-Research/complexity-verification-project/dataset6/src/main/java/CarReport.java:416: warning: [assignment] incompatible types in assignment.
        public static final Object VISIBLE = null;
                                             ^
  found   : null (NullType)
  required: @Initialized @NonNull Object
/home/kobifeldman/Code-Complexity-Research/complexity-verification-project/dataset6/src/main/java/CarReport.java:417: warning: [assignment] incompatible types in assignment.
        public static final Object X = null;
                                       ^
  found   : null (NullType)
  required: @Initialized @NonNull Object
/home/kobifeldman/Code-Complexity-Research/complexity-verification-project/dataset6/src/main/java/CarReport.java:418: warning: [assignment] incompatible types in assignment.
        public static final Object Y = null;
                                       ^
  found   : null (NullType)
  required: @Initialized @NonNull Object
/home/kobifeldman/Code-Complexity-Research/complexity-verification-project/dataset6/src/main/java/CarReport.java:419: warning: [assignment] incompatible types in assignment.
        public static final Object SCALE_X = null;
                                             ^
  found   : null (NullType)
  required: @Initialized @NonNull Object
/home/kobifeldman/Code-Complexity-Research/complexity-verification-project/dataset6/src/main/java/CarReport.java:420: warning: [assignment] incompatible types in assignment.
        public static final Object SCALE_Y = null;
                                             ^
  found   : null (NullType)
  required: @Initialized @NonNull Object
/home/kobifeldman/Code-Complexity-Research/complexity-verification-project/dataset6/src/main/java/CarReport.java:421: warning: [assignment] incompatible types in assignment.
        public static final View R = null;
                                     ^
  found   : null (NullType)
  required: @Initialized @NonNull View
/home/kobifeldman/Code-Complexity-Research/complexity-verification-project/dataset6/src/main/java/CarReport.java:422: warning: [initialization.field.uninitialized] the default constructor does not initialize field activity_setup_webdav_sync
        public Object activity_setup_webdav_sync;
                      ^
/home/kobifeldman/Code-Complexity-Research/complexity-verification-project/dataset6/src/main/java/CarReport.java:423: warning: [initialization.field.uninitialized] the default constructor does not initialize field integer
        public View integer;
                    ^
/home/kobifeldman/Code-Complexity-Research/complexity-verification-project/dataset6/src/main/java/CarReport.java:424: warning: [initialization.field.uninitialized] the default constructor does not initialize field config_longAnimTime
        public Object config_longAnimTime;
                      ^
/home/kobifeldman/Code-Complexity-Research/complexity-verification-project/dataset6/src/main/java/CarReport.java:443: warning: [return] incompatible types in return.
            return null;
                   ^
  type of expression: null (NullType)
  method return type: @Initialized @NonNull CarReport.@Initialized @NonNull CarCursor
/home/kobifeldman/Code-Complexity-Research/complexity-verification-project/dataset6/src/main/java/CarReport.java:455: warning: [return] incompatible types in return.
            return null;
                   ^
  type of expression: null (NullType)
  method return type: @Initialized @NonNull View
/home/kobifeldman/Code-Complexity-Research/complexity-verification-project/dataset6/src/main/java/CarReport.java:459: warning: [return] incompatible types in return.
            return null;
                   ^
  type of expression: null (NullType)
  method return type: @Initialized @NonNull View
/home/kobifeldman/Code-Complexity-Research/complexity-verification-project/dataset6/src/main/java/CarReport.java:463: warning: [return] incompatible types in return.
            return null;
                   ^
  type of expression: null (NullType)
  method return type: @Initialized @NonNull View
/home/kobifeldman/Code-Complexity-Research/complexity-verification-project/dataset6/src/main/java/CarReport.java:467: warning: [return] incompatible types in return.
            return null;
                   ^
  type of expression: null (NullType)
  method return type: @Initialized @NonNull View
/home/kobifeldman/Code-Complexity-Research/complexity-verification-project/dataset6/src/main/java/CarReport.java:478: warning: [assignment] incompatible types in assignment.
        public static final Object RESULT_CANCELED = null;
                                                     ^
  found   : null (NullType)
  required: @Initialized @NonNull Object
/home/kobifeldman/Code-Complexity-Research/complexity-verification-project/dataset6/src/main/java/CarReport.java:505: warning: [return] incompatible types in return.
        return null;
               ^
  type of expression: null (NullType)
  method return type: @Initialized @NonNull View
/home/kobifeldman/Code-Complexity-Research/complexity-verification-project/dataset6/src/main/java/CarReport.java:517: warning: [return] incompatible types in return.
        return null;
               ^
  type of expression: null (NullType)
  method return type: @Initialized @NonNull View
/home/kobifeldman/Code-Complexity-Research/complexity-verification-project/dataset6/src/main/java/CarReport.java:538: warning: [assignment] incompatible types in assignment.
        public static final Object ALL_COLUMNS = null;
                                                 ^
  found   : null (NullType)
  required: @Initialized @NonNull Object
/home/kobifeldman/Code-Complexity-Research/complexity-verification-project/dataset6/src/main/java/CarReport.java:539: warning: [assignment] incompatible types in assignment.
        public static final String NAME = null;
                                          ^
  found   : null (NullType)
  required: @Initialized @NonNull String
/home/kobifeldman/Code-Complexity-Research/complexity-verification-project/dataset6/src/main/java/CarReport.java:558: warning: [return] incompatible types in return.
            return null;
                   ^
  type of expression: null (NullType)
  method return type: @Initialized @NonNull CarReport.@Initialized @NonNull Builder
/home/kobifeldman/Code-Complexity-Research/complexity-verification-project/dataset6/src/main/java/CarReport.java:562: warning: [return] incompatible types in return.
            return null;
                   ^
  type of expression: null (NullType)
  method return type: @Initialized @NonNull CarReport.@Initialized @NonNull Builder
/home/kobifeldman/Code-Complexity-Research/complexity-verification-project/dataset6/src/main/java/CarReport.java:572: warning: [return] incompatible types in return.
            return null;
                   ^
  type of expression: null (NullType)
  method return type: @Initialized @NonNull View
/home/kobifeldman/Code-Complexity-Research/complexity-verification-project/dataset6/src/main/java/CarReport.java:582: warning: [return] incompatible types in return.
            return null;
                   ^
  type of expression: null (NullType)
  method return type: @Initialized @NonNull String
/home/kobifeldman/Code-Complexity-Research/complexity-verification-project/dataset6/src/main/java/CarReport.java:599: warning: [return] incompatible types in return.
        return null;
               ^
  type of expression: null (NullType)
  method return type: @Initialized @NonNull Object
/home/kobifeldman/Code-Complexity-Research/complexity-verification-project/dataset6/src/main/java/CarReport.java:607: warning: [return] incompatible types in return.
        return null;
               ^
  type of expression: null (NullType)
  method return type: @Initialized @NonNull CarReport.@Initialized @NonNull Intent
/home/kobifeldman/Code-Complexity-Research/complexity-verification-project/dataset6/src/main/java/CarReport.java:638: warning: [return] incompatible types in return.
            return null;
                   ^
  type of expression: null (NullType)
  method return type: @Initialized @NonNull Object
/home/kobifeldman/Code-Complexity-Research/complexity-verification-project/dataset6/src/main/java/CarReport.java:646: warning: [initialization.field.uninitialized] the default constructor does not initialize field left
        public Object left;
                      ^
/home/kobifeldman/Code-Complexity-Research/complexity-verification-project/dataset6/src/main/java/CarReport.java:647: warning: [initialization.field.uninitialized] the default constructor does not initialize field top
        public Object top;
                      ^
/home/kobifeldman/Code-Complexity-Research/complexity-verification-project/dataset6/src/main/java/CarReport.java:676: warning: [return] incompatible types in return.
            return null;
                   ^
  type of expression: null (NullType)
  method return type: @Initialized @NonNull Temporal
/home/kobifeldman/Code-Complexity-Research/complexity-verification-project/dataset6/src/main/java/CarReport.java:686: warning: [return] incompatible types in return.
            return null;
                   ^
  type of expression: null (NullType)
  method return type: @Initialized @NonNull TemporalAdjuster
/home/kobifeldman/Code-Complexity-Research/complexity-verification-project/dataset6/src/main/java/CarReport.java:714: warning: [return] incompatible types in return.
            return null;
                   ^
  type of expression: null (NullType)
  method return type: @Initialized @NonNull Utils
/home/kobifeldman/Code-Complexity-Research/complexity-verification-project/dataset6/src/main/java/CarReport.java:159: warning: [array.length.negative] Variable used in array creation could be negative.
            final long[] carIds = new long[car.getCount()];
                                                       ^
  found   : @LowerBoundUnknown int
  required: an integer >= 0 (@NonNegative or @Positive)
/home/kobifeldman/Code-Complexity-Research/complexity-verification-project/dataset6/src/main/java/CarReport.java:160: warning: [array.length.negative] Variable used in array creation could be negative.
            final String[] carNames = new String[car.getCount()];
                                                             ^
  found   : @LowerBoundUnknown int
  required: an integer >= 0 (@NonNegative or @Positive)
/home/kobifeldman/Code-Complexity-Research/complexity-verification-project/dataset6/src/main/java/CarReport.java:162: warning: [array.access.unsafe.low] Potentially unsafe array access: the index could be negative.
                carIds[car.getPosition()] = car.getId();
                                      ^
  found   : @LowerBoundUnknown int
  required: an integer >= 0 (@NonNegative or @Positive)
/home/kobifeldman/Code-Complexity-Research/complexity-verification-project/dataset6/src/main/java/CarReport.java:162: warning: [array.access.unsafe.high] Potentially unsafe array access: the index could be larger than the array's bound
                carIds[car.getPosition()] = car.getId();
                                      ^
  found   : @UpperBoundUnknown int
  required: @IndexFor("carIds") or @LTLengthOf("carIds") -- an integer less than carIds's length
/home/kobifeldman/Code-Complexity-Research/complexity-verification-project/dataset6/src/main/java/CarReport.java:163: warning: [array.access.unsafe.low] Potentially unsafe array access: the index could be negative.
                carNames[car.getPosition()] = car.getName();
                                        ^
  found   : @LowerBoundUnknown int
  required: an integer >= 0 (@NonNegative or @Positive)
/home/kobifeldman/Code-Complexity-Research/complexity-verification-project/dataset6/src/main/java/CarReport.java:163: warning: [array.access.unsafe.high] Potentially unsafe array access: the index could be larger than the array's bound
                carNames[car.getPosition()] = car.getName();
                                        ^
  found   : @UpperBoundUnknown int
  required: @IndexFor("carNames") or @LTLengthOf("carNames") -- an integer less than carNames's length
/home/kobifeldman/Code-Complexity-Research/complexity-verification-project/dataset6/src/main/java/CarReport.java:170: warning: [array.access.unsafe.low] Potentially unsafe array access: the index could be negative.
                            Intent intent = getDetailActivityIntent(edit, carIds[which], otherType);
                                                                                 ^
  found   : @LowerBoundUnknown int
  required: an integer >= 0 (@NonNegative or @Positive)
/home/kobifeldman/Code-Complexity-Research/complexity-verification-project/dataset6/src/main/java/CarReport.java:170: warning: [array.access.unsafe.high] Potentially unsafe array access: the index could be larger than the array's bound
                            Intent intent = getDetailActivityIntent(edit, carIds[which], otherType);
                                                                                 ^
  found   : @UpperBoundUnknown int
  required: @IndexFor("carIds") or @LTLengthOf("carIds") -- an integer less than carIds's length
/home/kobifeldman/Code-Complexity-Research/complexity-verification-project/dataset6/src/main/java/OpenCMSCore.java:170: warning: [removal] Double(double) in Double has been deprecated and marked for removal
                        parameters.add(Integer.toString(new Double(st.nval).intValue()));
                                                        ^
/home/kobifeldman/Code-Complexity-Research/complexity-verification-project/dataset6/src/main/java/OpenCMSCore.java:12: warning: [initialization.field.uninitialized] the default constructor does not initialize field m_out
    private OpenCMSWriter m_out;
                          ^
/home/kobifeldman/Code-Complexity-Research/complexity-verification-project/dataset6/src/main/java/OpenCMSCore.java:13: warning: [initialization.field.uninitialized] the default constructor does not initialize field m_err
    private PrintStream m_err;
                        ^
/home/kobifeldman/Code-Complexity-Research/complexity-verification-project/dataset6/src/main/java/OpenCMSCore.java:172: warning: [argument] incompatible argument for parameter arg0 of add.
                        parameters.add(st.sval);
                                         ^
  found   : @Initialized @Nullable String
  required: @Initialized @NonNull String
/home/kobifeldman/Code-Complexity-Research/complexity-verification-project/dataset6/src/main/java/OpenCMSCore.java:273: warning: [argument] incompatible argument for parameter o of defaultButtonHtml.
                    null,
                    ^
  found   : null (NullType)
  required: @Initialized @NonNull Object
/home/kobifeldman/Code-Complexity-Research/complexity-verification-project/dataset6/src/main/java/OpenCMSCore.java:285: warning: [return] incompatible types in return.
        return null;
               ^
  type of expression: null (NullType)
  method return type: @Initialized @NonNull OpenCMSCore.@Initialized @NonNull ConfirmationMessage
/home/kobifeldman/Code-Complexity-Research/complexity-verification-project/dataset6/src/main/java/OpenCMSCore.java:289: warning: [return] incompatible types in return.
        return null;
               ^
  type of expression: null (NullType)
  method return type: @Initialized @NonNull OpenCMSCore.@Initialized @NonNull ConfirmationMessage
/home/kobifeldman/Code-Complexity-Research/complexity-verification-project/dataset6/src/main/java/OpenCMSCore.java:293: warning: [return] incompatible types in return.
        return null;
               ^
  type of expression: null (NullType)
  method return type: @Initialized @NonNull Object
/home/kobifeldman/Code-Complexity-Research/complexity-verification-project/dataset6/src/main/java/OpenCMSCore.java:297: warning: [return] incompatible types in return.
        return null;
               ^
  type of expression: null (NullType)
  method return type: @Initialized @NonNull String
/home/kobifeldman/Code-Complexity-Research/complexity-verification-project/dataset6/src/main/java/OpenCMSCore.java:301: warning: [return] incompatible types in return.
        return null;
               ^
  type of expression: null (NullType)
  method return type: @Initialized @NonNull OpenCMSCore.@Initialized @NonNull ConfirmationMessage
/home/kobifeldman/Code-Complexity-Research/complexity-verification-project/dataset6/src/main/java/OpenCMSCore.java:305: warning: [return] incompatible types in return.
        return null;
               ^
  type of expression: null (NullType)
  method return type: @Initialized @NonNull String
/home/kobifeldman/Code-Complexity-Research/complexity-verification-project/dataset6/src/main/java/OpenCMSCore.java:309: warning: [return] incompatible types in return.
        return null;
               ^
  type of expression: null (NullType)
  method return type: @Initialized @NonNull String
/home/kobifeldman/Code-Complexity-Research/complexity-verification-project/dataset6/src/main/java/OpenCMSCore.java:337: warning: [return] incompatible types in return.
            return null;
                   ^
  type of expression: null (NullType)
  method return type: @Initialized @NonNull Object
/home/kobifeldman/Code-Complexity-Research/complexity-verification-project/dataset6/src/main/java/OpenCMSCore.java:343: warning: [return] incompatible types in return.
            return null;
                   ^
  type of expression: null (NullType)
  method return type: @Initialized @NonNull Object
/home/kobifeldman/Code-Complexity-Research/complexity-verification-project/dataset6/src/main/java/OpenCMSCore.java:355: warning: [return] incompatible types in return.
            return null;
                   ^
  type of expression: null (NullType)
  method return type: @Initialized @NonNull List<@Initialized @NonNull OpenCMSCore.@Initialized @NonNull A_CmsSitemapMenuEntry>
/home/kobifeldman/Code-Complexity-Research/complexity-verification-project/dataset6/src/main/java/OpenCMSCore.java:574: warning: [return] incompatible types in return.
            return null;
                   ^
  type of expression: null (NullType)
  method return type: @Initialized @NonNull Object
/home/kobifeldman/Code-Complexity-Research/complexity-verification-project/dataset6/src/main/java/OpenCMSCore.java:578: warning: [return] incompatible types in return.
            return null;
                   ^
  type of expression: null (NullType)
  method return type: @Initialized @NonNull Object
/home/kobifeldman/Code-Complexity-Research/complexity-verification-project/dataset6/src/main/java/OpenCMSCore.java:584: warning: [return] incompatible types in return.
            return null;
                   ^
  type of expression: null (NullType)
  method return type: @Initialized @NonNull OpenCMSCore.@Initialized @NonNull CmsWorkplace
/home/kobifeldman/Code-Complexity-Research/complexity-verification-project/dataset6/src/main/java/OpenCMSCore.java:590: warning: [return] incompatible types in return.
            return null;
                   ^
  type of expression: null (NullType)
  method return type: @Initialized @NonNull String
/home/kobifeldman/Code-Complexity-Research/complexity-verification-project/dataset6/src/main/java/OpenCMSCore.java:600: warning: [return] incompatible types in return.
            return null;
                   ^
  type of expression: null (NullType)
  method return type: @Initialized @NonNull String
/home/kobifeldman/Code-Complexity-Research/complexity-verification-project/dataset6/src/main/java/OpenCMSCore.java:605: warning: [assignment] incompatible types in assignment.
        public static final Object SMALL_ICON_TEXT = null;
                                                     ^
  found   : null (NullType)
  required: @Initialized @NonNull Object
/home/kobifeldman/Code-Complexity-Research/complexity-verification-project/dataset6/src/main/java/OpenCMSCore.java:24: warning: [required.method.not.called] @MustCall method close may not have been invoked on temp-var-508 or any of its aliases.
        execute(new Reader() {
                ^
  The type of object is: <anonymous java.io.Reader>.
  Reason for going out of scope: regular method exit
/home/kobifeldman/Code-Complexity-Research/complexity-verification-project/dataset6/src/main/java/OpenCMSCore.java:31: warning: [override.return] Incompatible return type.
            public int read(char[] arg0, int arg1, int arg2) throws IOException {
                   ^
  found   : @LowerBoundUnknown int
  required: @GTENegativeOne int
  Consequence: method in @LowerBoundUnknown OpenCMSCore.@LowerBoundUnknown <anonymous OpenCMSCore$1>
    @LowerBoundUnknown int read(@LowerBoundUnknown OpenCMSCore.@LowerBoundUnknown <anonymous OpenCMSCore$1> this, @LowerBoundUnknown char @LowerBoundUnknown [] p0, @LowerBoundUnknown int p1, @LowerBoundUnknown int p2) throws @LowerBoundUnknown IOException
  cannot override method in @LowerBoundUnknown Reader
    @GTENegativeOne int read(@LowerBoundUnknown Reader this, @LowerBoundUnknown char @LowerBoundUnknown [] p0, @NonNegative int p1, @NonNegative int p2) throws @LowerBoundUnknown IOException
/home/kobifeldman/Code-Complexity-Research/complexity-verification-project/dataset6/src/main/java/OpenCMSCore.java:31: warning: [override.return] Incompatible return type.
            public int read(char[] arg0, int arg1, int arg2) throws IOException {
                   ^
  found   : @UpperBoundUnknown int
  required: @LTEqLengthOf("#1") int
  Consequence: method in @UpperBoundUnknown OpenCMSCore.@UpperBoundUnknown <anonymous OpenCMSCore$1>
    @UpperBoundUnknown int read(@UpperBoundUnknown OpenCMSCore.@UpperBoundUnknown <anonymous OpenCMSCore$1> this, @UpperBoundUnknown char @UpperBoundUnknown [] p0, @UpperBoundUnknown int p1, @UpperBoundUnknown int p2) throws @UpperBoundUnknown IOException
  cannot override method in @UpperBoundUnknown Reader
    @LTEqLengthOf("#1") int read(@UpperBoundUnknown Reader this, @UpperBoundUnknown char @UpperBoundUnknown [] p0, @LTEqLengthOf("#1") int p1, @LTLengthOf(value="#1", offset="#2 - 1") int p2) throws @UpperBoundUnknown IOException
/home/kobifeldman/Code-Complexity-Research/complexity-verification-project/dataset6/src/main/java/Pom.java:26: warning: [initialization.field.uninitialized] the default constructor does not initialize field iconClassName
    private String iconClassName;
                   ^
/home/kobifeldman/Code-Complexity-Research/complexity-verification-project/dataset6/src/main/java/Pom.java:31: warning: [initialization.static.field.uninitialized] static field reloadThread not initialized
    private static ReloadThread reloadThread;
                                ^
/home/kobifeldman/Code-Complexity-Research/complexity-verification-project/dataset6/src/main/java/Pom.java:32: warning: [initialization.static.field.uninitialized] static field jnaPosix not initialized
    private static org.jruby.ext.posix.POSIX jnaPosix;
                                             ^
/home/kobifeldman/Code-Complexity-Research/complexity-verification-project/dataset6/src/main/java/Pom.java:40: warning: [argument] incompatible argument for parameter base of limit.
        limit(null, null);
              ^
  found   : null (NullType)
  required: @Initialized @NonNull Iterator<? extends /*INFERENCE FAILED for:*/ ? extends @Initialized @NonNull Object>
/home/kobifeldman/Code-Complexity-Research/complexity-verification-project/dataset6/src/main/java/Pom.java:40: warning: [argument] incompatible argument for parameter filter of limit.
        limit(null, null);
                    ^
  found   : null (NullType)
  required: @Initialized @NonNull CountingPredicate<? extends @Initialized @Nullable Object super /*INFERENCE FAILED for:*/ ? extends @Initialized @NonNull Object>
/home/kobifeldman/Code-Complexity-Research/complexity-verification-project/dataset6/src/main/java/Pom.java:75: warning: [initialization.fields.uninitialized] the constructor does not initialize fields: localizibleDescription
        public HealthReport(int score, String iconUrl, Localizable description) {
               ^
/home/kobifeldman/Code-Complexity-Research/complexity-verification-project/dataset6/src/main/java/Pom.java:103: warning: [assignment] incompatible types in assignment.
            this.description = null;
                               ^
  found   : null (NullType)
  required: @Initialized @NonNull String
/home/kobifeldman/Code-Complexity-Research/complexity-verification-project/dataset6/src/main/java/Pom.java:104: warning: [method.invocation] call to setLocalizibleDescription(Pom.Localizable) not allowed on the given receiver.
            setLocalizibleDescription(description);
                                     ^
  found   : @Initialized @NonNull Pom.@UnderInitialization @NonNull HealthReport
  required: @Initialized @NonNull Pom.@Initialized @NonNull HealthReport
/home/kobifeldman/Code-Complexity-Research/complexity-verification-project/dataset6/src/main/java/Pom.java:215: warning: [initialization.field.uninitialized] the default constructor does not initialize field next
            private T next;
                      ^
/home/kobifeldman/Code-Complexity-Research/complexity-verification-project/dataset6/src/main/java/Pom.java:226: warning: [assignment] incompatible types in assignment.
                next = null;
                       ^
  found   : null (NullType)
  required: T extends @Initialized @Nullable Object
/home/kobifeldman/Code-Complexity-Research/complexity-verification-project/dataset6/src/main/java/Pom.java:235: warning: [assignment] incompatible types in assignment.
                            next = null;
                                   ^
  found   : null (NullType)
  required: T extends @Initialized @Nullable Object
/home/kobifeldman/Code-Complexity-Research/complexity-verification-project/dataset6/src/main/java/Pom.java:312: warning: [return] incompatible types in return.
        return null;
               ^
  type of expression: null (NullType)
  method return type: @Initialized @NonNull Class</*INFERENCE FAILED for:*/ ? extends @Initialized @NonNull Object>
/home/kobifeldman/Code-Complexity-Research/complexity-verification-project/dataset6/src/main/java/Pom.java:320: warning: [return] incompatible types in return.
        return null;
               ^
  type of expression: null (NullType)
  method return type: @Initialized @NonNull Class</*INFERENCE FAILED for:*/ ? extends @Initialized @NonNull Object>
/home/kobifeldman/Code-Complexity-Research/complexity-verification-project/dataset6/src/main/java/Pom.java:332: warning: [return] incompatible types in return.
        return null;
               ^
  type of expression: null (NullType)
  method return type: @Initialized @NonNull Class</*INFERENCE FAILED for:*/ ? extends @Initialized @NonNull Object>
/home/kobifeldman/Code-Complexity-Research/complexity-verification-project/dataset6/src/main/java/Pom.java:336: warning: [initialization.field.uninitialized] the default constructor does not initialize field reloadQueue
        public Set<ViewJob> reloadQueue;
                            ^
/home/kobifeldman/Code-Complexity-Research/complexity-verification-project/dataset6/src/main/java/Pom.java:355: warning: [return] incompatible types in return.
            return null;
                   ^
  type of expression: null (NullType)
  method return type: @Initialized @NonNull Comparator</*INFERENCE FAILED for:*/ ? extends @Initialized @NonNull Object>
/home/kobifeldman/Code-Complexity-Research/complexity-verification-project/dataset6/src/main/java/Pom.java:360: warning: [return] incompatible types in return.
            return null;
                   ^
  type of expression: null (NullType)
  method return type: @Initialized @NonNull SortedMap</*INFERENCE FAILED for:*/ ? extends @Initialized @NonNull Object, /*INFERENCE FAILED for:*/ ? extends @Initialized @NonNull Object>
/home/kobifeldman/Code-Complexity-Research/complexity-verification-project/dataset6/src/main/java/Pom.java:365: warning: [return] incompatible types in return.
            return null;
                   ^
  type of expression: null (NullType)
  method return type: @Initialized @NonNull SortedMap</*INFERENCE FAILED for:*/ ? extends @Initialized @NonNull Object, /*INFERENCE FAILED for:*/ ? extends @Initialized @NonNull Object>
/home/kobifeldman/Code-Complexity-Research/complexity-verification-project/dataset6/src/main/java/Pom.java:370: warning: [return] incompatible types in return.
            return null;
                   ^
  type of expression: null (NullType)
  method return type: @Initialized @NonNull SortedMap</*INFERENCE FAILED for:*/ ? extends @Initialized @NonNull Object, /*INFERENCE FAILED for:*/ ? extends @Initialized @NonNull Object>
/home/kobifeldman/Code-Complexity-Research/complexity-verification-project/dataset6/src/main/java/Pom.java:375: warning: [return] incompatible types in return.
            return null;
                   ^
  type of expression: null (NullType)
  method return type: @Initialized @NonNull Object
/home/kobifeldman/Code-Complexity-Research/complexity-verification-project/dataset6/src/main/java/Pom.java:380: warning: [return] incompatible types in return.
            return null;
                   ^
  type of expression: null (NullType)
  method return type: @Initialized @NonNull Object
/home/kobifeldman/Code-Complexity-Research/complexity-verification-project/dataset6/src/main/java/Pom.java:405: warning: [return] incompatible types in return.
            return null;
                   ^
  type of expression: null (NullType)
  method return type: @Initialized @NonNull Object
/home/kobifeldman/Code-Complexity-Research/complexity-verification-project/dataset6/src/main/java/Pom.java:409: warning: [contracts.postcondition] postcondition of put is not satisfied.
        public Object put(Object key, Object value) {
                      ^
  found   : key is @UnknownKeyFor
  required: key is @KeyFor("this")
/home/kobifeldman/Code-Complexity-Research/complexity-verification-project/dataset6/src/main/java/Pom.java:410: warning: [return] incompatible types in return.
            return null;
                   ^
  type of expression: null (NullType)
  method return type: @Initialized @NonNull Object
/home/kobifeldman/Code-Complexity-Research/complexity-verification-project/dataset6/src/main/java/Pom.java:415: warning: [return] incompatible types in return.
            return null;
                   ^
  type of expression: null (NullType)
  method return type: @Initialized @NonNull Object
/home/kobifeldman/Code-Complexity-Research/complexity-verification-project/dataset6/src/main/java/Pom.java:430: warning: [return] incompatible types in return.
            return null;
                   ^
  type of expression: null (NullType)
  method return type: @Initialized @NonNull Set</*INFERENCE FAILED for:*/ ? extends @Initialized @NonNull Object>
/home/kobifeldman/Code-Complexity-Research/complexity-verification-project/dataset6/src/main/java/Pom.java:435: warning: [return] incompatible types in return.
            return null;
                   ^
  type of expression: null (NullType)
  method return type: @Initialized @NonNull Collection</*INFERENCE FAILED for:*/ ? extends @Initialized @NonNull Object>
/home/kobifeldman/Code-Complexity-Research/complexity-verification-project/dataset6/src/main/java/Pom.java:440: warning: [return] incompatible types in return.
            return null;
                   ^
  type of expression: null (NullType)
  method return type: @Initialized @NonNull Set<@Initialized @NonNull Entry</*INFERENCE FAILED for:*/ ? extends @Initialized @NonNull Object, /*INFERENCE FAILED for:*/ ? extends @Initialized @NonNull Object>>
/home/kobifeldman/Code-Complexity-Research/complexity-verification-project/dataset6/src/main/java/Pom.java:444: warning: [override.param] Incompatible parameter type for o.
        public boolean equals(Object o) {
                                     ^
  found   : @Initialized @NonNull Object
  required: @Initialized @Nullable Object
  Consequence: method in @Initialized @NonNull Pom.@Initialized @NonNull RunMap<T extends @Initialized @Nullable Object>
    @Initialized @NonNull boolean equals(@Initialized @NonNull Pom.@Initialized @NonNull RunMap<T extends @Initialized @Nullable Object> this, @Initialized @NonNull Object p0)
  cannot override method in @Initialized @NonNull Object
    @Initialized @NonNull boolean equals(@Initialized @NonNull Object this, @Initialized @Nullable Object p0)
/home/kobifeldman/Code-Complexity-Research/complexity-verification-project/dataset6/src/main/java/Pom.java:493: warning: [return] incompatible types in return.
            return null;
                   ^
  type of expression: null (NullType)
  method return type: @Initialized @NonNull File
/home/kobifeldman/Code-Complexity-Research/complexity-verification-project/dataset6/src/main/java/Pom.java:503: warning: [return] incompatible types in return.
            return null;
                   ^
  type of expression: null (NullType)
  method return type: @Initialized @NonNull InputStream
/home/kobifeldman/Code-Complexity-Research/complexity-verification-project/dataset6/src/main/java/Pom.java:508: warning: [return] incompatible types in return.
            return null;
                   ^
  type of expression: null (NullType)
  method return type: @Initialized @NonNull PrintStream
/home/kobifeldman/Code-Complexity-Research/complexity-verification-project/dataset6/src/main/java/Pom.java:518: warning: [return] incompatible types in return.
            return null;
                   ^
  type of expression: null (NullType)
  method return type: @Initialized @NonNull PrintStream
/home/kobifeldman/Code-Complexity-Research/complexity-verification-project/dataset6/src/main/java/Pom.java:179: warning: [array.access.unsafe.high.range] Potentially unsafe array access: the index could be larger than the array's bound
                        envp[i++] = e.getKey()+'+'+e.getValue();
                              ^
  index type found: @IntRange(from=-2147483648) int
  array type found: @UnknownVal String @UnknownVal []
  required        : index of type @IndexFor("envp") or @LTLengthOf("envp"), or array of type @MinLen(-9223372036854775808)
/home/kobifeldman/Code-Complexity-Research/complexity-verification-project/dataset6/src/main/java/Pom.java:384: warning: [override.return] Incompatible return type.
        public int size() {
               ^
  found   : @LowerBoundUnknown int
  required: @NonNegative int
  Consequence: method in @LowerBoundUnknown Pom.@LowerBoundUnknown RunMap<T extends @LowerBoundUnknown Object>
    @LowerBoundUnknown int size(@LowerBoundUnknown Pom.@LowerBoundUnknown RunMap<T extends @LowerBoundUnknown Object> this)
  cannot override method in @LowerBoundUnknown Map</*INFERENCE FAILED for:*/ ? extends @LowerBoundUnknown Object, /*INFERENCE FAILED for:*/ ? extends @LowerBoundUnknown Object>
    @NonNegative int size(@LowerBoundUnknown Map</*INFERENCE FAILED for:*/ ? extends @LowerBoundUnknown Object, /*INFERENCE FAILED for:*/ ? extends @LowerBoundUnknown Object> this)
/home/kobifeldman/Code-Complexity-Research/complexity-verification-project/dataset6/src/main/java/weka/estimators/EstimatorUtils.java:100: warning: [return] incompatible types in return.
      return null;
             ^
  type of expression: null (NullType)
  method return type: @Initialized @NonNull Enumeration<@Initialized @NonNull Instance>
/home/kobifeldman/Code-Complexity-Research/complexity-verification-project/dataset6/src/main/java/weka/gui/beans/ModelPerformanceChart.java:44: warning: [initialization.field.uninitialized] the default constructor does not initialize field m_popupFrame
  protected transient JFrame m_popupFrame;
                             ^
/home/kobifeldman/Code-Complexity-Research/complexity-verification-project/dataset6/src/main/java/weka/gui/beans/ModelPerformanceChart.java:48: warning: [initialization.field.uninitialized] the default constructor does not initialize field m_visPanel
  private transient VisualizePanel m_visPanel;
                                   ^
/home/kobifeldman/Code-Complexity-Research/complexity-verification-project/dataset6/src/main/java/weka/gui/beans/ModelPerformanceChart.java:49: warning: [initialization.field.uninitialized] the default constructor does not initialize field m_masterPlot
  private Object m_masterPlot;
                 ^
/home/kobifeldman/Code-Complexity-Research/complexity-verification-project/dataset6/src/main/java/weka/gui/beans/ModelPerformanceChart.java:50: warning: [initialization.field.uninitialized] the default constructor does not initialize field m_offscreenPlotData
  private Object m_offscreenPlotData;
                 ^
/home/kobifeldman/Code-Complexity-Research/complexity-verification-project/dataset6/src/main/java/weka/gui/beans/ModelPerformanceChart.java:106: warning: [assignment] incompatible types in assignment.
      m_visPanel = null;
                   ^
  found   : null (NullType)
  required: @Initialized @NonNull ModelPerformanceChart.@Initialized @NonNull VisualizePanel
/home/kobifeldman/Code-Complexity-Research/complexity-verification-project/dataset6/src/main/java/weka/gui/beans/ModelPerformanceChart.java:107: warning: [assignment] incompatible types in assignment.
      m_masterPlot = null;
                     ^
  found   : null (NullType)
  required: @Initialized @NonNull Object
/home/kobifeldman/Code-Complexity-Research/complexity-verification-project/dataset6/src/main/java/weka/gui/beans/ModelPerformanceChart.java:108: warning: [assignment] incompatible types in assignment.
      m_offscreenPlotData = null;
                            ^
  found   : null (NullType)
  required: @Initialized @NonNull Object
/home/kobifeldman/Code-Complexity-Research/complexity-verification-project/dataset6/src/main/java/weka/gui/beans/ModelPerformanceChart.java:123: warning: [return] incompatible types in return.
    return null;
           ^
  type of expression: null (NullType)
  method return type: @Initialized @NonNull BeanContext
/home/kobifeldman/Code-Complexity-Research/complexity-verification-project/dataset6/src/main/java/weka/gui/beans/ClassifierPerformanceEvaluatorCustomizer.java:43: warning: [initialization.field.uninitialized] the default constructor does not initialize field m_modifyListener
  private ModifyListener m_modifyListener;
                         ^
/home/kobifeldman/Code-Complexity-Research/complexity-verification-project/dataset6/src/main/java/weka/gui/beans/ClassifierPerformanceEvaluatorCustomizer.java:44: warning: [initialization.field.uninitialized] the default constructor does not initialize field m_evaluationMetrics
  private List<String> m_evaluationMetrics;
                       ^
/home/kobifeldman/Code-Complexity-Research/complexity-verification-project/dataset6/src/main/java/weka/gui/beans/ClassifierPerformanceEvaluatorCustomizer.java:45: warning: [initialization.field.uninitialized] the default constructor does not initialize field m_cpe
  private ModifyListener m_cpe;
                         ^
/home/kobifeldman/Code-Complexity-Research/complexity-verification-project/dataset6/src/main/java/weka/gui/beans/ClassifierPerformanceEvaluatorCustomizer.java:46: warning: [initialization.field.uninitialized] the default constructor does not initialize field m_parent
  private ModifyListener m_parent;
                         ^
/home/kobifeldman/Code-Complexity-Research/complexity-verification-project/dataset6/src/main/java/weka/gui/beans/ClassifierPerformanceEvaluatorCustomizer.java:77: warning: [argument] incompatible argument for parameter end of substring.
          String newList = b.substring(0, b.length() - 1);
                                                     ^
  found   : @GTENegativeOne int
  required: @NonNegative int
/home/kobifeldman/Code-Complexity-Research/complexity-verification-project/dataset6/src/main/java/weka/gui/experiment/GeneratorPropertyIteratorPanel.java:56: warning: [initialization.field.uninitialized] the default constructor does not initialize field m_Exp
  protected Experiment m_Exp;
                       ^
/home/kobifeldman/Code-Complexity-Research/complexity-verification-project/dataset6/src/main/java/weka/gui/experiment/GeneratorPropertyIteratorPanel.java:94: warning: [argument] incompatible argument for parameter o of setValue.
        m_ArrayEditor.setValue(null);
                               ^
  found   : null (NullType)
  required: @Initialized @NonNull Object
/home/kobifeldman/Code-Complexity-Research/complexity-verification-project/dataset6/src/main/java/weka/gui/experiment/GeneratorPropertyIteratorPanel.java:123: warning: [return] incompatible types in return.
      return null;
             ^
  type of expression: null (NullType)
  method return type: @Initialized @NonNull Object
/home/kobifeldman/Code-Complexity-Research/complexity-verification-project/dataset6/src/main/java/weka/gui/experiment/GeneratorPropertyIteratorPanel.java:129: warning: [return] incompatible types in return.
      return null;
             ^
  type of expression: null (NullType)
  method return type: @Initialized @NonNull Component
/home/kobifeldman/Code-Complexity-Research/complexity-verification-project/dataset6/src/main/java/weka/gui/experiment/GeneratorPropertyIteratorPanel.java:79: warning: [not.interned] attempting to use a non-@Interned comparison operand
    if (e.getSource() == m_ConfigureBut) {
                   ^
/home/kobifeldman/Code-Complexity-Research/complexity-verification-project/dataset6/src/main/java/weka/gui/experiment/GeneratorPropertyIteratorPanel.java:81: warning: [not.interned] attempting to use a non-@Interned comparison operand
    } else if (e.getSource() == m_StatusBox) {
                          ^
/home/kobifeldman/Code-Complexity-Research/complexity-verification-project/dataset6/src/main/java/SpringBatch.java:18: warning: [initialization.field.uninitialized] the default constructor does not initialize field container
    private Bean container;
                 ^
/home/kobifeldman/Code-Complexity-Research/complexity-verification-project/dataset6/src/main/java/SpringBatch.java:19: warning: [initialization.field.uninitialized] the default constructor does not initialize field processed
    private Treese processed;
                   ^
/home/kobifeldman/Code-Complexity-Research/complexity-verification-project/dataset6/src/main/java/SpringBatch.java:20: warning: [initialization.field.uninitialized] the default constructor does not initialize field recovered
    private Treese recovered;
                   ^
/home/kobifeldman/Code-Complexity-Research/complexity-verification-project/dataset6/src/main/java/SpringBatch.java:21: warning: [initialization.field.uninitialized] the default constructor does not initialize field jmsTemplate
    private Treese jmsTemplate;
                   ^
/home/kobifeldman/Code-Complexity-Research/complexity-verification-project/dataset6/src/main/java/SpringBatch.java:22: warning: [initialization.field.uninitialized] the default constructor does not initialize field reader
    private FlatFileItemReader<Object> reader;
                                       ^
/home/kobifeldman/Code-Complexity-Research/complexity-verification-project/dataset6/src/main/java/SpringBatch.java:23: warning: [initialization.field.uninitialized] the default constructor does not initialize field executionContext
    private ExecutionContext executionContext;
                             ^
/home/kobifeldman/Code-Complexity-Research/complexity-verification-project/dataset6/src/main/java/SpringBatch.java:24: warning: [initialization.field.uninitialized] the default constructor does not initialize field writer
    private ItmWriter writer;
                      ^
/home/kobifeldman/Code-Complexity-Research/complexity-verification-project/dataset6/src/main/java/SpringBatch.java:177: warning: [return] incompatible types in return.
        return null;
               ^
  type of expression: null (NullType)
  method return type: T extends @Initialized @Nullable Object
/home/kobifeldman/Code-Complexity-Research/complexity-verification-project/dataset6/src/main/java/SpringBatch.java:200: warning: [return] incompatible types in return.
                return StringUtils.hasText(record) ? record : null;
                                                   ^
  type of expression: @Initialized @Nullable String
  method return type: @Initialized @NonNull String
/home/kobifeldman/Code-Complexity-Research/complexity-verification-project/dataset6/src/main/java/SpringBatch.java:213: warning: [argument] incompatible argument for parameter foo of assertEquals.
        assertEquals(null, reader.read());
                     ^
  found   : null (NullType)
  required: @Initialized @NonNull String
/home/kobifeldman/Code-Complexity-Research/complexity-verification-project/dataset6/src/main/java/SpringBatch.java:256: warning: [return] incompatible types in return.
        return null;
               ^
  type of expression: null (NullType)
  method return type: @Initialized @NonNull SpringBatch.@Initialized @NonNull ItmWriter
/home/kobifeldman/Code-Complexity-Research/complexity-verification-project/dataset6/src/main/java/SpringBatch.java:260: warning: [return] incompatible types in return.
        return null;
               ^
  type of expression: null (NullType)
  method return type: @Initialized @NonNull Resource
/home/kobifeldman/Code-Complexity-Research/complexity-verification-project/dataset6/src/main/java/SpringBatch.java:272: warning: [return] incompatible types in return.
        return null;
               ^
  type of expression: null (NullType)
  method return type: @Initialized @NonNull SpringBatch.@Initialized @NonNull Returner
/home/kobifeldman/Code-Complexity-Research/complexity-verification-project/dataset6/src/main/java/SpringBatch.java:284: warning: [return] incompatible types in return.
        return null;
               ^
  type of expression: null (NullType)
  method return type: @Initialized @NonNull SpringBatch.@Initialized @NonNull JobExecution
/home/kobifeldman/Code-Complexity-Research/complexity-verification-project/dataset6/src/main/java/SpringBatch.java:289: warning: [return] incompatible types in return.
            return null;
                   ^
  type of expression: null (NullType)
  method return type: @Initialized @NonNull String
/home/kobifeldman/Code-Complexity-Research/complexity-verification-project/dataset6/src/main/java/SpringBatch.java:325: warning: [return] incompatible types in return.
            return null;
                   ^
  type of expression: null (NullType)
  method return type: @Initialized @NonNull Object
/home/kobifeldman/Code-Complexity-Research/complexity-verification-project/dataset6/src/main/java/SpringBatch.java:329: warning: [return] incompatible types in return.
            return null;
                   ^
  type of expression: null (NullType)
  method return type: @Initialized @NonNull Object
/home/kobifeldman/Code-Complexity-Research/complexity-verification-project/dataset6/src/main/java/SpringBatch.java:349: warning: [return] incompatible types in return.
            return null;
                   ^
  type of expression: null (NullType)
  method return type: @Initialized @NonNull Object
/home/kobifeldman/Code-Complexity-Research/complexity-verification-project/dataset6/src/main/java/SpringBatch.java:384: warning: [return] incompatible types in return.
            return null;
                   ^
  type of expression: null (NullType)
  method return type: @Initialized @NonNull Connection
/home/kobifeldman/Code-Complexity-Research/complexity-verification-project/dataset6/src/main/java/K9.java:5: warning: [initialization.static.field.uninitialized] static field sStores not initialized
    private static DualHashMap<String, Store> sStores;
                                              ^
/home/kobifeldman/Code-Complexity-Research/complexity-verification-project/dataset6/src/main/java/K9.java:88: warning: [argument] incompatible argument for parameter oAuth2TokenProvider of ImapStore.
                        oAuth2TokenProvider);
                        ^
  found   : @FBCBottom @Nullable OAuth2TokenProvider
  required: @Initialized @NonNull OAuth2TokenProvider
/home/kobifeldman/Code-Complexity-Research/complexity-verification-project/dataset6/src/main/java/K9.java:143: warning: [return] incompatible types in return.
            return null;
                   ^
  type of expression: null (NullType)
  method return type: T1 extends @Initialized @Nullable Object
/home/kobifeldman/Code-Complexity-Research/complexity-verification-project/dataset6/src/main/java/K9.java:246: warning: [return] incompatible types in return.
        return null;
               ^
  type of expression: null (NullType)
  method return type: @Initialized @NonNull K9.@Initialized @NonNull SmtpTransport
/home/kobifeldman/Code-Complexity-Research/complexity-verification-project/dataset6/src/main/java/K9.java:250: warning: [assignment] incompatible types in assignment.
        public static final Object CONNECTIVITY_SERVICE = null;
                                                          ^
  found   : null (NullType)
  required: @Initialized @NonNull Object
/home/kobifeldman/Code-Complexity-Research/complexity-verification-project/dataset6/src/main/java/K9.java:253: warning: [return] incompatible types in return.
            return null;
                   ^
  type of expression: null (NullType)
  method return type: @Initialized @NonNull Object
/home/kobifeldman/Code-Complexity-Research/complexity-verification-project/dataset6/src/main/java/K9.java:282: warning: [return] incompatible types in return.
            return null;
                   ^
  type of expression: null (NullType)
  method return type: @Initialized @NonNull String
/home/kobifeldman/Code-Complexity-Research/complexity-verification-project/dataset6/src/main/java/K9.java:300: warning: [return] incompatible types in return.
            return null;
                   ^
  type of expression: null (NullType)
  method return type: @Initialized @NonNull String
/home/kobifeldman/Code-Complexity-Research/complexity-verification-project/dataset6/src/main/java/K9.java:316: warning: [return] incompatible types in return.
            return null;
                   ^
  type of expression: null (NullType)
  method return type: @Initialized @NonNull K9.@Initialized @NonNull ImapResponse
/home/kobifeldman/Code-Complexity-Research/complexity-verification-project/dataset6/src/main/java/K9.java:326: warning: [return] incompatible types in return.
            return null;
                   ^
  type of expression: null (NullType)
  method return type: @Initialized @NonNull String
/home/kobifeldman/Code-Complexity-Research/complexity-verification-project/dataset6/src/main/java/K9.java:330: warning: [return] incompatible types in return.
            return null;
                   ^
  type of expression: null (NullType)
  method return type: @Initialized @NonNull K9.@Initialized @NonNull ImapResponse
/home/kobifeldman/Code-Complexity-Research/complexity-verification-project/dataset6/src/main/java/K9.java:339: warning: [return] incompatible types in return.
        return null;
               ^
  type of expression: null (NullType)
  method return type: @Initialized @NonNull K9.@Initialized @NonNull ImapResponseParser
/home/kobifeldman/Code-Complexity-Research/complexity-verification-project/dataset6/src/main/java/K9.java:349: warning: [return] incompatible types in return.
            return null;
                   ^
  type of expression: null (NullType)
  method return type: @Initialized @NonNull String
/home/kobifeldman/Code-Complexity-Research/complexity-verification-project/dataset6/src/main/java/K9.java:416: warning: [assignment] incompatible types in assignment.
        public static final Object NONE = null;
                                          ^
  found   : null (NullType)
  required: @Initialized @NonNull Object
/home/kobifeldman/Code-Complexity-Research/complexity-verification-project/dataset6/src/main/java/K9.java:420: warning: [assignment] incompatible types in assignment.
        public static final Object XOAUTH2 = null;
                                             ^
  found   : null (NullType)
  required: @Initialized @NonNull Object
/home/kobifeldman/Code-Complexity-Research/complexity-verification-project/dataset6/src/main/java/K9.java:431: warning: [return] incompatible types in return.
            return null;
                   ^
  type of expression: null (NullType)
  method return type: @Initialized @NonNull String
/home/kobifeldman/Code-Complexity-Research/complexity-verification-project/dataset6/src/main/java/K9.java:437: warning: [return] incompatible types in return.
            return null;
                   ^
  type of expression: null (NullType)
  method return type: @Initialized @NonNull String
/home/kobifeldman/Code-Complexity-Research/complexity-verification-project/dataset6/src/main/java/Phoenix.java:22: warning: [assignment] incompatible types in assignment.
    private static final org.apache.commons.cli.Option INPUT_PATH_OPT = null;
                                                                        ^
  found   : null (NullType)
  required: @Initialized @NonNull Option
/home/kobifeldman/Code-Complexity-Research/complexity-verification-project/dataset6/src/main/java/Phoenix.java:23: warning: [assignment] incompatible types in assignment.
    private static final Object MIN_TABLE_TIMESTAMP = null;
                                                      ^
  found   : null (NullType)
  required: @Initialized @NonNull Object
/home/kobifeldman/Code-Complexity-Research/complexity-verification-project/dataset6/src/main/java/Phoenix.java:24: warning: [assignment] incompatible types in assignment.
    private static final Object CONFIG_COLUMN_NAMES = null;
                                                      ^
  found   : null (NullType)
  required: @Initialized @NonNull Object
/home/kobifeldman/Code-Complexity-Research/complexity-verification-project/dataset6/src/main/java/Phoenix.java:25: warning: [assignment] incompatible types in assignment.
    private static final Object CONFIG_HEADER_NAMES = null;
                                                      ^
  found   : null (NullType)
  required: @Initialized @NonNull Object
/home/kobifeldman/Code-Complexity-Research/complexity-verification-project/dataset6/src/main/java/Phoenix.java:26: warning: [assignment] incompatible types in assignment.
    private static final Object CONFIG_ROWKEY_TYPE_GENERATOR = null;
                                                               ^
  found   : null (NullType)
  required: @Initialized @NonNull Object
/home/kobifeldman/Code-Complexity-Research/complexity-verification-project/dataset6/src/main/java/Phoenix.java:28: warning: [assignment] incompatible types in assignment.
    private static final org.apache.commons.cli.Option TABLE_NAME_OPT = null;
                                                                        ^
  found   : null (NullType)
  required: @Initialized @NonNull Option
/home/kobifeldman/Code-Complexity-Research/complexity-verification-project/dataset6/src/main/java/Phoenix.java:29: warning: [assignment] incompatible types in assignment.
    private static final org.apache.commons.cli.Option HELP_OPT = null;
                                                                  ^
  found   : null (NullType)
  required: @Initialized @NonNull Option
/home/kobifeldman/Code-Complexity-Research/complexity-verification-project/dataset6/src/main/java/Phoenix.java:30: warning: [initialization.field.uninitialized] the default constructor does not initialize field env
    private Dummy env;
                  ^
/home/kobifeldman/Code-Complexity-Research/complexity-verification-project/dataset6/src/main/java/Phoenix.java:31: warning: [initialization.field.uninitialized] the default constructor does not initialize field PLong
    private Dummy PLong;
                  ^
/home/kobifeldman/Code-Complexity-Research/complexity-verification-project/dataset6/src/main/java/Phoenix.java:32: warning: [initialization.field.uninitialized] the default constructor does not initialize field createTableDdl
    private String createTableDdl;
                   ^
/home/kobifeldman/Code-Complexity-Research/complexity-verification-project/dataset6/src/main/java/Phoenix.java:33: warning: [initialization.field.uninitialized] the default constructor does not initialize field fullTableName
    private String fullTableName;
                   ^
/home/kobifeldman/Code-Complexity-Research/complexity-verification-project/dataset6/src/main/java/Phoenix.java:35: warning: [initialization.field.uninitialized] the default constructor does not initialize field jdbcUrl
    private Object jdbcUrl;
                   ^
/home/kobifeldman/Code-Complexity-Research/complexity-verification-project/dataset6/src/main/java/Phoenix.java:36: warning: [initialization.field.uninitialized] the default constructor does not initialize field colNames
    private Antlr4Master.ATNConfigSet colNames;
                                      ^
/home/kobifeldman/Code-Complexity-Research/complexity-verification-project/dataset6/src/main/java/Phoenix.java:37: warning: [initialization.field.uninitialized] the default constructor does not initialize field headers
    private Antlr4Master.ATNConfigSet headers;
                                      ^
/home/kobifeldman/Code-Complexity-Research/complexity-verification-project/dataset6/src/main/java/Phoenix.java:38: warning: [initialization.field.uninitialized] the default constructor does not initialize field keyGenerator
    private Object keyGenerator;
                   ^
/home/kobifeldman/Code-Complexity-Research/complexity-verification-project/dataset6/src/main/java/Phoenix.java:40: warning: [initialization.field.uninitialized] the default constructor does not initialize field logger
    private Pom.POSIXHandler logger;
                             ^
/home/kobifeldman/Code-Complexity-Research/complexity-verification-project/dataset6/src/main/java/Phoenix.java:41: warning: [initialization.field.uninitialized] the default constructor does not initialize field sinkCounter
    private Dummy sinkCounter;
                  ^
/home/kobifeldman/Code-Complexity-Research/complexity-verification-project/dataset6/src/main/java/Phoenix.java:42: warning: [initialization.field.uninitialized] the default constructor does not initialize field serializer
    private Dummy serializer;
                  ^
/home/kobifeldman/Code-Complexity-Research/complexity-verification-project/dataset6/src/main/java/Phoenix.java:70: warning: [argument] incompatible argument for parameter o of MetaDataMutationResult.
                EnvironmentEdgeManager.currentTimeMillis(), null); }
                                                            ^
  found   : null (NullType)
  required: @Initialized @NonNull Object
/home/kobifeldman/Code-Complexity-Research/complexity-verification-project/dataset6/src/main/java/Phoenix.java:73: warning: [argument] incompatible argument for parameter o of getKeyForSchema.
            Scan scan = MetaDataUtil.newTableRowsScan(SchemaUtil.getKeyForSchema(null, schemaName), MIN_TABLE_TIMESTAMP,
                                                                                 ^
  found   : null (NullType)
  required: @Initialized @NonNull Object
/home/kobifeldman/Code-Complexity-Research/complexity-verification-project/dataset6/src/main/java/Phoenix.java:80: warning: [argument] incompatible argument for parameter o of MetaDataMutationResult.
                            EnvironmentEdgeManager.currentTimeMillis(), null);
                                                                        ^
  found   : null (NullType)
  required: @Initialized @NonNull Object
/home/kobifeldman/Code-Complexity-Research/complexity-verification-project/dataset6/src/main/java/Phoenix.java:100: warning: [argument] incompatible argument for parameter o of MetaDataMutationResult.
                null);
                ^
  found   : null (NullType)
  required: @Initialized @NonNull Object
/home/kobifeldman/Code-Complexity-Research/complexity-verification-project/dataset6/src/main/java/Phoenix.java:105: warning: [return] incompatible types in return.
        return null;
               ^
  type of expression: null (NullType)
  method return type: @Initialized @NonNull Phoenix.@Initialized @NonNull PSchema
/home/kobifeldman/Code-Complexity-Research/complexity-verification-project/dataset6/src/main/java/Phoenix.java:144: warning: [return] incompatible types in return.
        return null;
               ^
  type of expression: null (NullType)
  method return type: @Initialized @NonNull Phoenix.@Initialized @NonNull Expression
/home/kobifeldman/Code-Complexity-Research/complexity-verification-project/dataset6/src/main/java/Phoenix.java:148: warning: [return] incompatible types in return.
        return null;
               ^
  type of expression: null (NullType)
  method return type: @Initialized @NonNull Phoenix.@Initialized @NonNull Expression
/home/kobifeldman/Code-Complexity-Research/complexity-verification-project/dataset6/src/main/java/Phoenix.java:152: warning: [return] incompatible types in return.
        return null;
               ^
  type of expression: null (NullType)
  method return type: @Initialized @NonNull Phoenix.@Initialized @NonNull Expression
/home/kobifeldman/Code-Complexity-Research/complexity-verification-project/dataset6/src/main/java/Phoenix.java:254: warning: [dereference.of.nullable] dereference of possibly-null reference transaction
            transaction.rollback();
            ^
/home/kobifeldman/Code-Complexity-Research/complexity-verification-project/dataset6/src/main/java/Phoenix.java:265: warning: [dereference.of.nullable] dereference of possibly-null reference transaction
            transaction.rollback();
            ^
/home/kobifeldman/Code-Complexity-Research/complexity-verification-project/dataset6/src/main/java/Phoenix.java:281: warning: [return] incompatible types in return.
        return null;
               ^
  type of expression: null (NullType)
  method return type: @Initialized @NonNull Phoenix.@Initialized @NonNull Channel
/home/kobifeldman/Code-Complexity-Research/complexity-verification-project/dataset6/src/main/java/Phoenix.java:305: warning: [dereference.of.nullable] dereference of possibly-null reference cmdLine
        if (cmdLine.hasOption(HELP_OPT.getOpt())) {
            ^
/home/kobifeldman/Code-Complexity-Research/complexity-verification-project/dataset6/src/main/java/Phoenix.java:341: warning: [return] incompatible types in return.
        return null;
               ^
  type of expression: null (NullType)
  method return type: @Initialized @NonNull Options
/home/kobifeldman/Code-Complexity-Research/complexity-verification-project/dataset6/src/main/java/Phoenix.java:351: warning: [assignment] incompatible types in assignment.
        public static final Object SCHEMA_NOT_FOUND = null;
                                                      ^
  found   : null (NullType)
  required: @Initialized @NonNull Object
/home/kobifeldman/Code-Complexity-Research/complexity-verification-project/dataset6/src/main/java/Phoenix.java:352: warning: [assignment] incompatible types in assignment.
        public static final Object TABLES_EXIST_ON_SCHEMA = null;
                                                            ^
  found   : null (NullType)
  required: @Initialized @NonNull Object
/home/kobifeldman/Code-Complexity-Research/complexity-verification-project/dataset6/src/main/java/Phoenix.java:353: warning: [assignment] incompatible types in assignment.
        public static final Object SCHEMA_ALREADY_EXISTS = null;
                                                           ^
  found   : null (NullType)
  required: @Initialized @NonNull Object
/home/kobifeldman/Code-Complexity-Research/complexity-verification-project/dataset6/src/main/java/Phoenix.java:363: warning: [return] incompatible types in return.
            return null;
                   ^
  type of expression: null (NullType)
  method return type: @Initialized @NonNull Object
/home/kobifeldman/Code-Complexity-Research/complexity-verification-project/dataset6/src/main/java/Phoenix.java:378: warning: [return] incompatible types in return.
            return null;
                   ^
  type of expression: null (NullType)
  method return type: @Initialized @NonNull Object
/home/kobifeldman/Code-Complexity-Research/complexity-verification-project/dataset6/src/main/java/Phoenix.java:386: warning: [return] incompatible types in return.
            return null;
                   ^
  type of expression: null (NullType)
  method return type: @Initialized @NonNull Phoenix.@Initialized @NonNull Expression
/home/kobifeldman/Code-Complexity-Research/complexity-verification-project/dataset6/src/main/java/Phoenix.java:390: warning: [return] incompatible types in return.
            return null;
                   ^
  type of expression: null (NullType)
  method return type: @Initialized @NonNull Phoenix.@Initialized @NonNull Expression
/home/kobifeldman/Code-Complexity-Research/complexity-verification-project/dataset6/src/main/java/Phoenix.java:415: warning: [return] incompatible types in return.
            return null;
                   ^
  type of expression: null (NullType)
  method return type: @Initialized @NonNull Phoenix.@Initialized @NonNull RegionScanner
/home/kobifeldman/Code-Complexity-Research/complexity-verification-project/dataset6/src/main/java/Phoenix.java:420: warning: [assignment] incompatible types in assignment.
        public static final Dummy INSTANCE = null;
                                             ^
  found   : null (NullType)
  required: @Initialized @NonNull Dummy
/home/kobifeldman/Code-Complexity-Research/complexity-verification-project/dataset6/src/main/java/Phoenix.java:423: warning: [return] incompatible types in return.
            return null;
                   ^
  type of expression: null (NullType)
  method return type: @Initialized @NonNull Phoenix.@Initialized @NonNull Region
/home/kobifeldman/Code-Complexity-Research/complexity-verification-project/dataset6/src/main/java/Phoenix.java:457: warning: [return] incompatible types in return.
            return null;
                   ^
  type of expression: null (NullType)
  method return type: @Initialized @NonNull Object
/home/kobifeldman/Code-Complexity-Research/complexity-verification-project/dataset6/src/main/java/Phoenix.java:463: warning: [return] incompatible types in return.
            return null;
                   ^
  type of expression: null (NullType)
  method return type: @Initialized @NonNull Scan
/home/kobifeldman/Code-Complexity-Research/complexity-verification-project/dataset6/src/main/java/Phoenix.java:468: warning: [assignment] incompatible types in assignment.
        public static final Object CONFIG_TABLE_DDL = null;
                                                      ^
  found   : null (NullType)
  required: @Initialized @NonNull Object
/home/kobifeldman/Code-Complexity-Research/complexity-verification-project/dataset6/src/main/java/Phoenix.java:469: warning: [assignment] incompatible types in assignment.
        public static final Object CONFIG_TABLE = null;
                                                  ^
  found   : null (NullType)
  required: @Initialized @NonNull Object
/home/kobifeldman/Code-Complexity-Research/complexity-verification-project/dataset6/src/main/java/Phoenix.java:470: warning: [assignment] incompatible types in assignment.
        public static final Object CONFIG_ZK_QUORUM = null;
                                                      ^
  found   : null (NullType)
  required: @Initialized @NonNull Object
/home/kobifeldman/Code-Complexity-Research/complexity-verification-project/dataset6/src/main/java/Phoenix.java:471: warning: [assignment] incompatible types in assignment.
        public static final Object DEFAULT_BATCH_SIZE = null;
                                                        ^
  found   : null (NullType)
  required: @Initialized @NonNull Object
/home/kobifeldman/Code-Complexity-Research/complexity-verification-project/dataset6/src/main/java/Phoenix.java:472: warning: [assignment] incompatible types in assignment.
        public static final Object CONFIG_BATCHSIZE = null;
                                                      ^
  found   : null (NullType)
  required: @Initialized @NonNull Object
/home/kobifeldman/Code-Complexity-Research/complexity-verification-project/dataset6/src/main/java/Phoenix.java:473: warning: [assignment] incompatible types in assignment.
        public static final Object CONFIG_JDBC_URL = null;
                                                     ^
  found   : null (NullType)
  required: @Initialized @NonNull Object
/home/kobifeldman/Code-Complexity-Research/complexity-verification-project/dataset6/src/main/java/Phoenix.java:478: warning: [return] incompatible types in return.
            return null;
                   ^
  type of expression: null (NullType)
  method return type: @Initialized @NonNull String
/home/kobifeldman/Code-Complexity-Research/complexity-verification-project/dataset6/src/main/java/Phoenix.java:488: warning: [return] incompatible types in return.
            return null;
                   ^
  type of expression: null (NullType)
  method return type: @Initialized @NonNull Object
/home/kobifeldman/Code-Complexity-Research/complexity-verification-project/dataset6/src/main/java/Phoenix.java:494: warning: [return] incompatible types in return.
            return null;
                   ^
  type of expression: null (NullType)
  method return type: @Initialized @NonNull Object
/home/kobifeldman/Code-Complexity-Research/complexity-verification-project/dataset6/src/main/java/Phoenix.java:498: warning: [return] incompatible types in return.
            return null;
                   ^
  type of expression: null (NullType)
  method return type: @Initialized @NonNull Object
/home/kobifeldman/Code-Complexity-Research/complexity-verification-project/dataset6/src/main/java/Phoenix.java:513: warning: [assignment] incompatible types in assignment.
        public static final Status READY = null;
                                           ^
  found   : null (NullType)
  required: @Initialized @NonNull Status
/home/kobifeldman/Code-Complexity-Research/complexity-verification-project/dataset6/src/main/java/Phoenix.java:514: warning: [assignment] incompatible types in assignment.
        public static final Status BACKOFF = null;
                                             ^
  found   : null (NullType)
  required: @Initialized @NonNull Status
/home/kobifeldman/Code-Complexity-Research/complexity-verification-project/dataset6/src/main/java/Phoenix.java:518: warning: [assignment] incompatible types in assignment.
        public static final Object NANOSECONDS = null;
                                                 ^
  found   : null (NullType)
  required: @Initialized @NonNull Object
/home/kobifeldman/Code-Complexity-Research/complexity-verification-project/dataset6/src/main/java/Phoenix.java:519: warning: [assignment] incompatible types in assignment.
        public static final HibernateORM.Environment SECONDS = null;
                                                               ^
  found   : null (NullType)
  required: @Initialized @NonNull Environment
/home/kobifeldman/Code-Complexity-Research/complexity-verification-project/dataset6/src/main/java/Phoenix.java:545: warning: [return] incompatible types in return.
            return null;
                   ^
  type of expression: null (NullType)
  method return type: @Initialized @NonNull Phoenix.@Initialized @NonNull Transaction
/home/kobifeldman/Code-Complexity-Research/complexity-verification-project/dataset6/src/main/java/Phoenix.java:549: warning: [return] incompatible types in return.
            return null;
                   ^
  type of expression: null (NullType)
  method return type: @Initialized @NonNull Phoenix.@Initialized @NonNull Event
/home/kobifeldman/Code-Complexity-Research/complexity-verification-project/dataset6/src/main/java/Phoenix.java:137: warning: [array.length.negative] Variable used in array creation could be negative.
        byte[] resultPtr=new byte[PLong.INSTANCE.getByteSize()];
                                                            ^
  found   : @LowerBoundUnknown int
  required: an integer >= 0 (@NonNegative or @Positive)
/home/kobifeldman/Code-Complexity-Research/complexity-verification-project/dataset6/src/main/java/HibernateORM.java:6: warning: [assignment] incompatible types in assignment.
    private final String DEFAULT_BATCH_SIZE = null;
                                              ^
  found   : null (NullType)
  required: @Initialized @NonNull String
/home/kobifeldman/Code-Complexity-Research/complexity-verification-project/dataset6/src/main/java/HibernateORM.java:7: warning: [initialization.field.uninitialized] the default constructor does not initialize field targetedPersister
    private Object targetedPersister;
                   ^
/home/kobifeldman/Code-Complexity-Research/complexity-verification-project/dataset6/src/main/java/HibernateORM.java:8: warning: [initialization.field.uninitialized] the default constructor does not initialize field updates
    private Update[] updates;
                     ^
/home/kobifeldman/Code-Complexity-Research/complexity-verification-project/dataset6/src/main/java/HibernateORM.java:9: warning: [initialization.field.uninitialized] the default constructor does not initialize field idInsertSelect
    private String idInsertSelect;
                   ^
/home/kobifeldman/Code-Complexity-Research/complexity-verification-project/dataset6/src/main/java/HibernateORM.java:10: warning: [initialization.field.uninitialized] the default constructor does not initialize field idSelectParameterSpecifications
    private ParameterSpecification[] idSelectParameterSpecifications;
                                     ^
/home/kobifeldman/Code-Complexity-Research/complexity-verification-project/dataset6/src/main/java/HibernateORM.java:11: warning: [initialization.field.uninitialized] the default constructor does not initialize field assignmentParameterSpecifications
    private ParameterSpecification[][] assignmentParameterSpecifications;
                                       ^
/home/kobifeldman/Code-Complexity-Research/complexity-verification-project/dataset6/src/main/java/HibernateORM.java:12: warning: [initialization.field.uninitialized] the default constructor does not initialize field queryString
    private Update queryString;
                   ^
/home/kobifeldman/Code-Complexity-Research/complexity-verification-project/dataset6/src/main/java/HibernateORM.java:13: warning: [initialization.field.uninitialized] the default constructor does not initialize field dialect
    private Object dialect;
                   ^
/home/kobifeldman/Code-Complexity-Research/complexity-verification-project/dataset6/src/main/java/HibernateORM.java:87: warning: [return] incompatible types in return.
            return null;
                   ^
  type of expression: null (NullType)
  method return type: @Initialized @NonNull CollectionPersister
/home/kobifeldman/Code-Complexity-Research/complexity-verification-project/dataset6/src/main/java/HibernateORM.java:91: warning: [return] incompatible types in return.
            return null;
                   ^
  type of expression: null (NullType)
  method return type: @Initialized @NonNull Type
/home/kobifeldman/Code-Complexity-Research/complexity-verification-project/dataset6/src/main/java/HibernateORM.java:97: warning: [return] incompatible types in return.
            return null;
                   ^
  type of expression: null (NullType)
  method return type: @Initialized @NonNull Object
/home/kobifeldman/Code-Complexity-Research/complexity-verification-project/dataset6/src/main/java/HibernateORM.java:103: warning: [return] incompatible types in return.
            return null;
                   ^
  type of expression: null (NullType)
  method return type: @Initialized @NonNull Class<? extends @Initialized @Nullable Object>
/home/kobifeldman/Code-Complexity-Research/complexity-verification-project/dataset6/src/main/java/HibernateORM.java:113: warning: [return] incompatible types in return.
            return null;
                   ^
  type of expression: null (NullType)
  method return type: @Initialized @NonNull Serializable
/home/kobifeldman/Code-Complexity-Research/complexity-verification-project/dataset6/src/main/java/HibernateORM.java:317: warning: [argument] incompatible argument for parameter ownerKey of toLoggableString.
                    ownerKey, session.getFactory() ) );
                    ^
  found   : @Initialized @Nullable Serializable
  required: @Initialized @NonNull Serializable
/home/kobifeldman/Code-Complexity-Research/complexity-verification-project/dataset6/src/main/java/HibernateORM.java:352: warning: [assignment] incompatible types in assignment.
        public static final Object STRING = null;
                                            ^
  found   : null (NullType)
  required: @Initialized @NonNull Object
/home/kobifeldman/Code-Complexity-Research/complexity-verification-project/dataset6/src/main/java/HibernateORM.java:353: warning: [assignment] incompatible types in assignment.
        public static final Object TIMESTAMP = null;
                                               ^
  found   : null (NullType)
  required: @Initialized @NonNull Object
/home/kobifeldman/Code-Complexity-Research/complexity-verification-project/dataset6/src/main/java/HibernateORM.java:357: warning: [assignment] incompatible types in assignment.
        public static final Object USE_STREAMS_FOR_BINARY = null;
                                                            ^
  found   : null (NullType)
  required: @Initialized @NonNull Object
/home/kobifeldman/Code-Complexity-Research/complexity-verification-project/dataset6/src/main/java/HibernateORM.java:358: warning: [assignment] incompatible types in assignment.
        public static final Object STATEMENT_BATCH_SIZE = null;
                                                          ^
  found   : null (NullType)
  required: @Initialized @NonNull Object
/home/kobifeldman/Code-Complexity-Research/complexity-verification-project/dataset6/src/main/java/HibernateORM.java:365: warning: [return] incompatible types in return.
            return null;
                   ^
  type of expression: null (NullType)
  method return type: @Initialized @NonNull Environment
/home/kobifeldman/Code-Complexity-Research/complexity-verification-project/dataset6/src/main/java/HibernateORM.java:369: warning: [return] incompatible types in return.
            return null;
                   ^
  type of expression: null (NullType)
  method return type: @Initialized @NonNull PreparedStatement
/home/kobifeldman/Code-Complexity-Research/complexity-verification-project/dataset6/src/main/java/HibernateORM.java:373: warning: [return] incompatible types in return.
            return null;
                   ^
  type of expression: null (NullType)
  method return type: @Initialized @NonNull PreparedStatement
/home/kobifeldman/Code-Complexity-Research/complexity-verification-project/dataset6/src/main/java/HibernateORM.java:381: warning: [return] incompatible types in return.
            return null;
                   ^
  type of expression: null (NullType)
  method return type: @Initialized @NonNull Environment
/home/kobifeldman/Code-Complexity-Research/complexity-verification-project/dataset6/src/main/java/HibernateORM.java:385: warning: [return] incompatible types in return.
            return null;
                   ^
  type of expression: null (NullType)
  method return type: @Initialized @NonNull Environment
/home/kobifeldman/Code-Complexity-Research/complexity-verification-project/dataset6/src/main/java/HibernateORM.java:393: warning: [return] incompatible types in return.
            return null;
                   ^
  type of expression: null (NullType)
  method return type: @Initialized @NonNull Environment
/home/kobifeldman/Code-Complexity-Research/complexity-verification-project/dataset6/src/main/java/HibernateORM.java:401: warning: [return] incompatible types in return.
            return null;
                   ^
  type of expression: null (NullType)
  method return type: @Initialized @NonNull Environment
/home/kobifeldman/Code-Complexity-Research/complexity-verification-project/dataset6/src/main/java/HibernateORM.java:405: warning: [return] incompatible types in return.
            return null;
                   ^
  type of expression: null (NullType)
  method return type: @Initialized @NonNull Exception
/home/kobifeldman/Code-Complexity-Research/complexity-verification-project/dataset6/src/main/java/HibernateORM.java:408: warning: [return] incompatible types in return.
            return null;
                   ^
  type of expression: null (NullType)
  method return type: @Initialized @NonNull Exception
/home/kobifeldman/Code-Complexity-Research/complexity-verification-project/dataset6/src/main/java/HibernateORM.java:412: warning: [return] incompatible types in return.
            return null;
                   ^
  type of expression: null (NullType)
  method return type: @Initialized @NonNull PreparedStatement
/home/kobifeldman/Code-Complexity-Research/complexity-verification-project/dataset6/src/main/java/HibernateORM.java:416: warning: [return] incompatible types in return.
            return null;
                   ^
  type of expression: null (NullType)
  method return type: @Initialized @NonNull ResultSet
/home/kobifeldman/Code-Complexity-Research/complexity-verification-project/dataset6/src/main/java/HibernateORM.java:420: warning: [return] incompatible types in return.
            return null;
                   ^
  type of expression: null (NullType)
  method return type: @Initialized @NonNull EntityEntry
/home/kobifeldman/Code-Complexity-Research/complexity-verification-project/dataset6/src/main/java/HibernateORM.java:424: warning: [return] incompatible types in return.
            return null;
                   ^
  type of expression: null (NullType)
  method return type: @Initialized @NonNull Object
/home/kobifeldman/Code-Complexity-Research/complexity-verification-project/dataset6/src/main/java/HibernateORM.java:434: warning: [return] incompatible types in return.
        return null;
               ^
  type of expression: null (NullType)
  method return type: @Initialized @NonNull Environment
/home/kobifeldman/Code-Complexity-Research/complexity-verification-project/dataset6/src/main/java/HibernateORM.java:443: warning: [return] incompatible types in return.
            return null;
                   ^
  type of expression: null (NullType)
  method return type: @Initialized @NonNull Environment
/home/kobifeldman/Code-Complexity-Research/complexity-verification-project/dataset6/src/main/java/HibernateORM.java:447: warning: [return] incompatible types in return.
            return null;
                   ^
  type of expression: null (NullType)
  method return type: @Initialized @NonNull Environment
/home/kobifeldman/Code-Complexity-Research/complexity-verification-project/dataset6/src/main/java/HibernateORM.java:451: warning: [return] incompatible types in return.
            return null;
                   ^
  type of expression: null (NullType)
  method return type: @Initialized @NonNull Environment
/home/kobifeldman/Code-Complexity-Research/complexity-verification-project/dataset6/src/main/java/HibernateORM.java:455: warning: [return] incompatible types in return.
            return null;
                   ^
  type of expression: null (NullType)
  method return type: @Initialized @NonNull Object
/home/kobifeldman/Code-Complexity-Research/complexity-verification-project/dataset6/src/main/java/HibernateORM.java:464: warning: [return] incompatible types in return.
            return null;
                   ^
  type of expression: null (NullType)
  method return type: @Initialized @NonNull Environment
/home/kobifeldman/Code-Complexity-Research/complexity-verification-project/dataset6/src/main/java/HibernateORM.java:499: warning: [return] incompatible types in return.
            return null;
                   ^
  type of expression: null (NullType)
  method return type: @Initialized @NonNull HibernateORM.@Initialized @NonNull Transaction
/home/kobifeldman/Code-Complexity-Research/complexity-verification-project/dataset6/src/main/java/HibernateORM.java:197: warning: [array.access.unsafe.high] Potentially unsafe array access: the index could be larger than the array's bound
                        if ( assignmentParameterSpecifications[i] != null ) {
                                                               ^
  found   : @LTLengthOf(value="this.updates", offset="0") int
  required: @IndexFor("this.assignmentParameterSpecifications") or @LTLengthOf("this.assignmentParameterSpecifications") -- an integer less than this.assignmentParameterSpecifications's length
/home/kobifeldman/Code-Complexity-Research/complexity-verification-project/dataset6/src/main/java/HibernateORM.java:199: warning: [array.access.unsafe.high] Potentially unsafe array access: the index could be larger than the array's bound
                            for ( int x = 0; x < assignmentParameterSpecifications[i].length; x++ ) {
                                                                                   ^
  found   : @LTLengthOf(value="this.updates", offset="0") int
  required: @IndexFor("this.assignmentParameterSpecifications") or @LTLengthOf("this.assignmentParameterSpecifications") -- an integer less than this.assignmentParameterSpecifications's length
/home/kobifeldman/Code-Complexity-Research/complexity-verification-project/dataset6/src/main/java/HibernateORM.java:200: warning: [array.access.unsafe.high] Potentially unsafe array access: the index could be larger than the array's bound
                                position += assignmentParameterSpecifications[i][x].bind( ps, queryParameters, session, position );
                                                                              ^
  found   : @LTLengthOf(value="this.updates", offset="0") int
  required: @IndexFor("this.assignmentParameterSpecifications") or @LTLengthOf("this.assignmentParameterSpecifications") -- an integer less than this.assignmentParameterSpecifications's length
Note: /home/kobifeldman/Code-Complexity-Research/complexity-verification-project/dataset6/src/main/java/Phoenix.java uses or overrides a deprecated API.
Note: Recompile with -Xlint:deprecation for details.
Note: /home/kobifeldman/Code-Complexity-Research/complexity-verification-project/dataset6/src/main/java/Pom.java uses unchecked or unsafe operations.
Note: Recompile with -Xlint:unchecked for details.
403 warnings
/home/kobifeldman/Code-Complexity-Research/complexity-verification-project/dataset9/src/main/java/CodeSnippets.java:39: warning: [return] incompatible types in return.
                return null;
                       ^
  type of expression: null (NullType)
  method return type: @Initialized @NonNull AsyncContext
/home/kobifeldman/Code-Complexity-Research/complexity-verification-project/dataset9/src/main/java/CodeSnippets.java:44: warning: [return] incompatible types in return.
                return null;
                       ^
  type of expression: null (NullType)
  method return type: @Initialized @NonNull Object
/home/kobifeldman/Code-Complexity-Research/complexity-verification-project/dataset9/src/main/java/CodeSnippets.java:49: warning: [return] incompatible types in return.
                return null;
                       ^
  type of expression: null (NullType)
  method return type: @Initialized @NonNull Enumeration<@Initialized @NonNull String>
/home/kobifeldman/Code-Complexity-Research/complexity-verification-project/dataset9/src/main/java/CodeSnippets.java:54: warning: [return] incompatible types in return.
                return null;
                       ^
  type of expression: null (NullType)
  method return type: @Initialized @NonNull String
/home/kobifeldman/Code-Complexity-Research/complexity-verification-project/dataset9/src/main/java/CodeSnippets.java:69: warning: [return] incompatible types in return.
                return null;
                       ^
  type of expression: null (NullType)
  method return type: @Initialized @NonNull String
/home/kobifeldman/Code-Complexity-Research/complexity-verification-project/dataset9/src/main/java/CodeSnippets.java:74: warning: [return] incompatible types in return.
                return null;
                       ^
  type of expression: null (NullType)
  method return type: @Initialized @NonNull DispatcherType
/home/kobifeldman/Code-Complexity-Research/complexity-verification-project/dataset9/src/main/java/CodeSnippets.java:79: warning: [return] incompatible types in return.
                return null;
                       ^
  type of expression: null (NullType)
  method return type: @Initialized @NonNull ServletInputStream
/home/kobifeldman/Code-Complexity-Research/complexity-verification-project/dataset9/src/main/java/CodeSnippets.java:84: warning: [return] incompatible types in return.
                return null;
                       ^
  type of expression: null (NullType)
  method return type: @Initialized @NonNull String
/home/kobifeldman/Code-Complexity-Research/complexity-verification-project/dataset9/src/main/java/CodeSnippets.java:89: warning: [return] incompatible types in return.
                return null;
                       ^
  type of expression: null (NullType)
  method return type: @Initialized @NonNull String
/home/kobifeldman/Code-Complexity-Research/complexity-verification-project/dataset9/src/main/java/CodeSnippets.java:99: warning: [return] incompatible types in return.
                return null;
                       ^
  type of expression: null (NullType)
  method return type: @Initialized @NonNull Locale
/home/kobifeldman/Code-Complexity-Research/complexity-verification-project/dataset9/src/main/java/CodeSnippets.java:104: warning: [return] incompatible types in return.
                return null;
                       ^
  type of expression: null (NullType)
  method return type: @Initialized @NonNull Enumeration<@Initialized @NonNull Locale>
/home/kobifeldman/Code-Complexity-Research/complexity-verification-project/dataset9/src/main/java/CodeSnippets.java:109: warning: [return] incompatible types in return.
                return null;
                       ^
  type of expression: null (NullType)
  method return type: @Initialized @NonNull String
/home/kobifeldman/Code-Complexity-Research/complexity-verification-project/dataset9/src/main/java/CodeSnippets.java:114: warning: [return] incompatible types in return.
                return null;
                       ^
  type of expression: null (NullType)
  method return type: @Initialized @NonNull Map<@Initialized @NonNull String, @Initialized @NonNull String @Initialized @NonNull []>
/home/kobifeldman/Code-Complexity-Research/complexity-verification-project/dataset9/src/main/java/CodeSnippets.java:119: warning: [return] incompatible types in return.
                return null;
                       ^
  type of expression: null (NullType)
  method return type: @Initialized @NonNull Enumeration<@Initialized @NonNull String>
/home/kobifeldman/Code-Complexity-Research/complexity-verification-project/dataset9/src/main/java/CodeSnippets.java:124: warning: [return] incompatible types in return.
                return null;
                       ^
  type of expression: null (NullType)
  method return type: @Initialized @NonNull String @Initialized @NonNull []
/home/kobifeldman/Code-Complexity-Research/complexity-verification-project/dataset9/src/main/java/CodeSnippets.java:129: warning: [return] incompatible types in return.
                return null;
                       ^
  type of expression: null (NullType)
  method return type: @Initialized @NonNull String
/home/kobifeldman/Code-Complexity-Research/complexity-verification-project/dataset9/src/main/java/CodeSnippets.java:134: warning: [return] incompatible types in return.
                return null;
                       ^
  type of expression: null (NullType)
  method return type: @Initialized @NonNull BufferedReader
/home/kobifeldman/Code-Complexity-Research/complexity-verification-project/dataset9/src/main/java/CodeSnippets.java:139: warning: [return] incompatible types in return.
                return null;
                       ^
  type of expression: null (NullType)
  method return type: @Initialized @NonNull String
/home/kobifeldman/Code-Complexity-Research/complexity-verification-project/dataset9/src/main/java/CodeSnippets.java:144: warning: [return] incompatible types in return.
                return null;
                       ^
  type of expression: null (NullType)
  method return type: @Initialized @NonNull String
/home/kobifeldman/Code-Complexity-Research/complexity-verification-project/dataset9/src/main/java/CodeSnippets.java:149: warning: [return] incompatible types in return.
                return null;
                       ^
  type of expression: null (NullType)
  method return type: @Initialized @NonNull String
/home/kobifeldman/Code-Complexity-Research/complexity-verification-project/dataset9/src/main/java/CodeSnippets.java:159: warning: [return] incompatible types in return.
                return null;
                       ^
  type of expression: null (NullType)
  method return type: @Initialized @NonNull RequestDispatcher
/home/kobifeldman/Code-Complexity-Research/complexity-verification-project/dataset9/src/main/java/CodeSnippets.java:164: warning: [return] incompatible types in return.
                return null;
                       ^
  type of expression: null (NullType)
  method return type: @Initialized @NonNull String
/home/kobifeldman/Code-Complexity-Research/complexity-verification-project/dataset9/src/main/java/CodeSnippets.java:169: warning: [return] incompatible types in return.
                return null;
                       ^
  type of expression: null (NullType)
  method return type: @Initialized @NonNull String
/home/kobifeldman/Code-Complexity-Research/complexity-verification-project/dataset9/src/main/java/CodeSnippets.java:179: warning: [return] incompatible types in return.
                return null;
                       ^
  type of expression: null (NullType)
  method return type: @Initialized @NonNull ServletContext
/home/kobifeldman/Code-Complexity-Research/complexity-verification-project/dataset9/src/main/java/CodeSnippets.java:211: warning: [return] incompatible types in return.
                return null;
                       ^
  type of expression: null (NullType)
  method return type: @Initialized @NonNull AsyncContext
/home/kobifeldman/Code-Complexity-Research/complexity-verification-project/dataset9/src/main/java/CodeSnippets.java:216: warning: [return] incompatible types in return.
                return null;
                       ^
  type of expression: null (NullType)
  method return type: @Initialized @NonNull AsyncContext
/home/kobifeldman/Code-Complexity-Research/complexity-verification-project/dataset9/src/main/java/CodeSnippets.java:226: warning: [return] incompatible types in return.
                return null;
                       ^
  type of expression: null (NullType)
  method return type: @Initialized @NonNull String
/home/kobifeldman/Code-Complexity-Research/complexity-verification-project/dataset9/src/main/java/CodeSnippets.java:231: warning: [return] incompatible types in return.
                return null;
                       ^
  type of expression: null (NullType)
  method return type: @Initialized @NonNull String
/home/kobifeldman/Code-Complexity-Research/complexity-verification-project/dataset9/src/main/java/CodeSnippets.java:236: warning: [return] incompatible types in return.
                return null;
                       ^
  type of expression: null (NullType)
  method return type: @Initialized @NonNull String
/home/kobifeldman/Code-Complexity-Research/complexity-verification-project/dataset9/src/main/java/CodeSnippets.java:241: warning: [return] incompatible types in return.
                return null;
                       ^
  type of expression: null (NullType)
  method return type: @Initialized @NonNull Cookie @Initialized @NonNull []
/home/kobifeldman/Code-Complexity-Research/complexity-verification-project/dataset9/src/main/java/CodeSnippets.java:251: warning: [return] incompatible types in return.
                return null;
                       ^
  type of expression: null (NullType)
  method return type: @Initialized @NonNull String
/home/kobifeldman/Code-Complexity-Research/complexity-verification-project/dataset9/src/main/java/CodeSnippets.java:256: warning: [return] incompatible types in return.
                return null;
                       ^
  type of expression: null (NullType)
  method return type: @Initialized @NonNull Enumeration<@Initialized @NonNull String>
/home/kobifeldman/Code-Complexity-Research/complexity-verification-project/dataset9/src/main/java/CodeSnippets.java:261: warning: [return] incompatible types in return.
                return null;
                       ^
  type of expression: null (NullType)
  method return type: @Initialized @NonNull Enumeration<@Initialized @NonNull String>
/home/kobifeldman/Code-Complexity-Research/complexity-verification-project/dataset9/src/main/java/CodeSnippets.java:271: warning: [return] incompatible types in return.
                return null;
                       ^
  type of expression: null (NullType)
  method return type: @Initialized @NonNull String
/home/kobifeldman/Code-Complexity-Research/complexity-verification-project/dataset9/src/main/java/CodeSnippets.java:276: warning: [return] incompatible types in return.
                return null;
                       ^
  type of expression: null (NullType)
  method return type: @Initialized @NonNull Part
/home/kobifeldman/Code-Complexity-Research/complexity-verification-project/dataset9/src/main/java/CodeSnippets.java:281: warning: [return] incompatible types in return.
                return null;
                       ^
  type of expression: null (NullType)
  method return type: @Initialized @NonNull Collection<@Initialized @NonNull Part>
/home/kobifeldman/Code-Complexity-Research/complexity-verification-project/dataset9/src/main/java/CodeSnippets.java:286: warning: [return] incompatible types in return.
                return null;
                       ^
  type of expression: null (NullType)
  method return type: @Initialized @NonNull String
/home/kobifeldman/Code-Complexity-Research/complexity-verification-project/dataset9/src/main/java/CodeSnippets.java:291: warning: [return] incompatible types in return.
                return null;
                       ^
  type of expression: null (NullType)
  method return type: @Initialized @NonNull String
/home/kobifeldman/Code-Complexity-Research/complexity-verification-project/dataset9/src/main/java/CodeSnippets.java:296: warning: [return] incompatible types in return.
                return null;
                       ^
  type of expression: null (NullType)
  method return type: @Initialized @NonNull String
/home/kobifeldman/Code-Complexity-Research/complexity-verification-project/dataset9/src/main/java/CodeSnippets.java:301: warning: [return] incompatible types in return.
                return null;
                       ^
  type of expression: null (NullType)
  method return type: @Initialized @NonNull String
/home/kobifeldman/Code-Complexity-Research/complexity-verification-project/dataset9/src/main/java/CodeSnippets.java:306: warning: [return] incompatible types in return.
                return null;
                       ^
  type of expression: null (NullType)
  method return type: @Initialized @NonNull String
/home/kobifeldman/Code-Complexity-Research/complexity-verification-project/dataset9/src/main/java/CodeSnippets.java:311: warning: [return] incompatible types in return.
                return null;
                       ^
  type of expression: null (NullType)
  method return type: @Initialized @NonNull StringBuffer
/home/kobifeldman/Code-Complexity-Research/complexity-verification-project/dataset9/src/main/java/CodeSnippets.java:316: warning: [return] incompatible types in return.
                return null;
                       ^
  type of expression: null (NullType)
  method return type: @Initialized @NonNull String
/home/kobifeldman/Code-Complexity-Research/complexity-verification-project/dataset9/src/main/java/CodeSnippets.java:321: warning: [return] incompatible types in return.
                return null;
                       ^
  type of expression: null (NullType)
  method return type: @Initialized @NonNull String
/home/kobifeldman/Code-Complexity-Research/complexity-verification-project/dataset9/src/main/java/CodeSnippets.java:326: warning: [return] incompatible types in return.
                return null;
                       ^
  type of expression: null (NullType)
  method return type: @Initialized @NonNull HttpSession
/home/kobifeldman/Code-Complexity-Research/complexity-verification-project/dataset9/src/main/java/CodeSnippets.java:331: warning: [return] incompatible types in return.
                return null;
                       ^
  type of expression: null (NullType)
  method return type: @Initialized @NonNull HttpSession
/home/kobifeldman/Code-Complexity-Research/complexity-verification-project/dataset9/src/main/java/CodeSnippets.java:336: warning: [return] incompatible types in return.
                return null;
                       ^
  type of expression: null (NullType)
  method return type: @Initialized @NonNull Principal
/home/kobifeldman/Code-Complexity-Research/complexity-verification-project/dataset9/src/main/java/CodeSnippets.java:374: warning: [return] incompatible types in return.
                return null;
                       ^
  type of expression: null (NullType)
  method return type: T extends @Initialized @NonNull HttpUpgradeHandler
/home/kobifeldman/Code-Complexity-Research/complexity-verification-project/dataset9/src/main/java/CodeSnippets.java:874: warning: [argument] incompatible argument for parameter cell of addCell.
    table.addCell(cell);
                  ^
  found   : @Initialized @NonNull CodeSnippets.@Initialized @Nullable Cell
  required: @Initialized @NonNull CodeSnippets.@Initialized @NonNull Cell
/home/kobifeldman/Code-Complexity-Research/complexity-verification-project/dataset9/src/main/java/CodeSnippets.java:918: warning: [argument] incompatible argument for parameter cell of addCell.
    table.addCell(cell);
                  ^
  found   : @Initialized @NonNull CodeSnippets.@Initialized @Nullable Cell
  required: @Initialized @NonNull CodeSnippets.@Initialized @NonNull Cell
/home/kobifeldman/Code-Complexity-Research/complexity-verification-project/dataset9/src/main/java/CodeSnippets.java:955: warning: [argument] incompatible argument for parameter cell of addCell.
    table.addCell(cell);
                  ^
  found   : @Initialized @NonNull CodeSnippets.@Initialized @Nullable Cell
  required: @Initialized @NonNull CodeSnippets.@Initialized @NonNull Cell
/home/kobifeldman/Code-Complexity-Research/complexity-verification-project/dataset9/src/main/java/CodeSnippets.java:1002: warning: [argument] incompatible argument for parameter cell of addCell.
    table.addCell(cell);
                  ^
  found   : @Initialized @NonNull CodeSnippets.@Initialized @Nullable Cell
  required: @Initialized @NonNull CodeSnippets.@Initialized @NonNull Cell
/home/kobifeldman/Code-Complexity-Research/complexity-verification-project/dataset9/src/main/java/CodeSnippets.java:1050: warning: [argument] incompatible argument for parameter cell of addCell.
    table.addCell(cell);
                  ^
  found   : @Initialized @NonNull CodeSnippets.@Initialized @Nullable Cell
  required: @Initialized @NonNull CodeSnippets.@Initialized @NonNull Cell
/home/kobifeldman/Code-Complexity-Research/complexity-verification-project/dataset9/src/main/java/CodeSnippets.java:1091: warning: [argument] incompatible argument for parameter cell of addCell.
    table.addCell(cell);
                  ^
  found   : @Initialized @NonNull CodeSnippets.@Initialized @Nullable Cell
  required: @Initialized @NonNull CodeSnippets.@Initialized @NonNull Cell
/home/kobifeldman/Code-Complexity-Research/complexity-verification-project/dataset9/src/main/java/CodeSnippets.java:1348: warning: [return] incompatible types in return.
    return null; // Had to be added to allow compilation
           ^
  type of expression: null (NullType)
  method return type: @Initialized @NonNull String
/home/kobifeldman/Code-Complexity-Research/complexity-verification-project/dataset9/src/main/java/CodeSnippets.java:1385: warning: [return] incompatible types in return.
    return null; // Had to be added to allow compilation
           ^
  type of expression: null (NullType)
  method return type: @Initialized @NonNull String
/home/kobifeldman/Code-Complexity-Research/complexity-verification-project/dataset9/src/main/java/CodeSnippets.java:1417: warning: [return] incompatible types in return.
    return null; // Had to be added to allow compilation
           ^
  type of expression: null (NullType)
  method return type: @Initialized @NonNull String
/home/kobifeldman/Code-Complexity-Research/complexity-verification-project/dataset9/src/main/java/CodeSnippets.java:1457: warning: [return] incompatible types in return.
    return null; // Had to be added to allow compilation
           ^
  type of expression: null (NullType)
  method return type: @Initialized @NonNull String
/home/kobifeldman/Code-Complexity-Research/complexity-verification-project/dataset9/src/main/java/CodeSnippets.java:1497: warning: [return] incompatible types in return.
    return null; // Had to be added to allow compilation
           ^
  type of expression: null (NullType)
  method return type: @Initialized @NonNull String
/home/kobifeldman/Code-Complexity-Research/complexity-verification-project/dataset9/src/main/java/CodeSnippets.java:1532: warning: [return] incompatible types in return.
    return null; // Had to be added to allow compilation
           ^
  type of expression: null (NullType)
  method return type: @Initialized @NonNull String
/home/kobifeldman/Code-Complexity-Research/complexity-verification-project/dataset9/src/main/java/CodeSnippets.java:1560: warning: [return] incompatible types in return.
            return null;
                   ^
  type of expression: null (NullType)
  method return type: @Initialized @NonNull TimeTakenForMove
/home/kobifeldman/Code-Complexity-Research/complexity-verification-project/dataset9/src/main/java/CodeSnippets.java:1572: warning: [return] incompatible types in return.
            return null;
                   ^
  type of expression: null (NullType)
  method return type: @Initialized @NonNull Bounds
/home/kobifeldman/Code-Complexity-Research/complexity-verification-project/dataset9/src/main/java/CodeSnippets.java:1581: warning: [return] incompatible types in return.
            return null;
                   ^
  type of expression: null (NullType)
  method return type: @Initialized @NonNull Extent
/home/kobifeldman/Code-Complexity-Research/complexity-verification-project/dataset9/src/main/java/CodeSnippets.java:1615: warning: [return] incompatible types in return.
            return null;
                   ^
  type of expression: null (NullType)
  method return type: @Initialized @NonNull CodeSnippets.@Initialized @NonNull ProjectSpace
/home/kobifeldman/Code-Complexity-Research/complexity-verification-project/dataset9/src/main/java/CodeSnippets.java:1621: warning: [return] incompatible types in return.
            return null;
                   ^
  type of expression: null (NullType)
  method return type: @Initialized @NonNull CodeSnippets.@Initialized @NonNull PropertyManager
/home/kobifeldman/Code-Complexity-Research/complexity-verification-project/dataset9/src/main/java/CodeSnippets.java:1631: warning: [return] incompatible types in return.
            return null;
                   ^
  type of expression: null (NullType)
  method return type: @Initialized @NonNull Collection</*INFERENCE FAILED for:*/ ? extends @Initialized @NonNull Object>
/home/kobifeldman/Code-Complexity-Research/complexity-verification-project/dataset9/src/main/java/CodeSnippets.java:1637: warning: [return] incompatible types in return.
            return null;
                   ^
  type of expression: null (NullType)
  method return type: @Initialized @NonNull CodeSnippets.@Initialized @NonNull StoreProperty
/home/kobifeldman/Code-Complexity-Research/complexity-verification-project/dataset9/src/main/java/CodeSnippets.java:1647: warning: [return] incompatible types in return.
            return null;
                   ^
  type of expression: null (NullType)
  method return type: @Initialized @NonNull CodeSnippets.@Initialized @NonNull Value
/home/kobifeldman/Code-Complexity-Research/complexity-verification-project/dataset9/src/main/java/CodeSnippets.java:1656: warning: [return] incompatible types in return.
            return null;
                   ^
  type of expression: null (NullType)
  method return type: @Initialized @NonNull CodeSnippets.@Initialized @NonNull NotificationList
/home/kobifeldman/Code-Complexity-Research/complexity-verification-project/dataset9/src/main/java/CodeSnippets.java:1662: warning: [return] incompatible types in return.
            return null;
                   ^
  type of expression: null (NullType)
  method return type: @Initialized @NonNull CodeSnippets.@Initialized @NonNull NotificationComposite
/home/kobifeldman/Code-Complexity-Research/complexity-verification-project/dataset9/src/main/java/CodeSnippets.java:1684: warning: [return] incompatible types in return.
            return null;
                   ^
  type of expression: null (NullType)
  method return type: @Initialized @NonNull Iterator</*INFERENCE FAILED for:*/ ? extends @Initialized @NonNull Object>
/home/kobifeldman/Code-Complexity-Research/complexity-verification-project/dataset9/src/main/java/CodeSnippets.java:1713: warning: [override.param] Incompatible parameter type for o.
        public boolean equals(Object o) {
                                     ^
  found   : @Initialized @NonNull Object
  required: @Initialized @Nullable Object
  Consequence: method in @Initialized @NonNull CodeSnippets.@Initialized @NonNull NotificationList
    @Initialized @NonNull boolean equals(@Initialized @NonNull CodeSnippets.@Initialized @NonNull NotificationList this, @Initialized @NonNull Object p0)
  cannot override method in @Initialized @NonNull Object
    @Initialized @NonNull boolean equals(@Initialized @NonNull Object this, @Initialized @Nullable Object p0)
/home/kobifeldman/Code-Complexity-Research/complexity-verification-project/dataset9/src/main/java/CodeSnippets.java:1738: warning: [override.param] Incompatible parameter type for a.
        public Object[] toArray(Object[] a) {
                                         ^
  found   : @Initialized @NonNull Object @Initialized @NonNull []
  required: @Initialized @PolyNull Object @Initialized @NonNull []
  Consequence: method in @Initialized @NonNull CodeSnippets.@Initialized @NonNull NotificationList
    @Initialized @NonNull Object @Initialized @NonNull [] toArray(@Initialized @NonNull CodeSnippets.@Initialized @NonNull NotificationList this, @Initialized @NonNull Object @Initialized @NonNull [] p0)
  cannot override method in @Initialized @NonNull Collection</*INFERENCE FAILED for:*/ ? extends @Initialized @NonNull Object>
    @Initialized @Nullable Object @Initialized @NonNull [] toArray(@Initialized @NonNull Collection this, @Initialized @PolyNull Object @Initialized @NonNull [] p0)
/home/kobifeldman/Code-Complexity-Research/complexity-verification-project/dataset9/src/main/java/CodeSnippets.java:1747: warning: [return] incompatible types in return.
            return null;
                   ^
  type of expression: null (NullType)
  method return type: @Initialized @NonNull Object
/home/kobifeldman/Code-Complexity-Research/complexity-verification-project/dataset9/src/main/java/CodeSnippets.java:1751: warning: [return] incompatible types in return.
            return null;
                   ^
  type of expression: null (NullType)
  method return type: @Initialized @NonNull CodeSnippets.@Initialized @NonNull BoxModelOption
/home/kobifeldman/Code-Complexity-Research/complexity-verification-project/dataset9/src/main/java/CodeSnippets.java:1775: warning: [return] incompatible types in return.
            return null;
                   ^
  type of expression: null (NullType)
  method return type: @Initialized @NonNull CodeSnippets.@Initialized @NonNull UColor
/home/kobifeldman/Code-Complexity-Research/complexity-verification-project/dataset9/src/main/java/CodeSnippets.java:1779: warning: [return] incompatible types in return.
            return null;
                   ^
  type of expression: null (NullType)
  method return type: @Initialized @NonNull CodeSnippets.@Initialized @NonNull UColor
/home/kobifeldman/Code-Complexity-Research/complexity-verification-project/dataset9/src/main/java/CodeSnippets.java:1799: warning: [return] incompatible types in return.
            return null;
                   ^
  type of expression: null (NullType)
  method return type: @Initialized @NonNull CodeSnippets.@Initialized @NonNull UParagraph
/home/kobifeldman/Code-Complexity-Research/complexity-verification-project/dataset9/src/main/java/CodeSnippets.java:1803: warning: [return] incompatible types in return.
            return null;
                   ^
  type of expression: null (NullType)
  method return type: @Initialized @NonNull CodeSnippets.@Initialized @NonNull BoxModelOption
/home/kobifeldman/Code-Complexity-Research/complexity-verification-project/dataset9/src/main/java/CodeSnippets.java:1809: warning: [return] incompatible types in return.
            return null;
                   ^
  type of expression: null (NullType)
  method return type: @Initialized @NonNull CodeSnippets.@Initialized @NonNull UChildren
/home/kobifeldman/Code-Complexity-Research/complexity-verification-project/dataset9/src/main/java/CodeSnippets.java:1815: warning: [return] incompatible types in return.
            return null;
                   ^
  type of expression: null (NullType)
  method return type: @Initialized @NonNull CodeSnippets.@Initialized @NonNull Path
/home/kobifeldman/Code-Complexity-Research/complexity-verification-project/dataset9/src/main/java/CodeSnippets.java:1835: warning: [return] incompatible types in return.
            return null;
                   ^
  type of expression: null (NullType)
  method return type: @Initialized @NonNull CodeSnippets.@Initialized @NonNull UImage
/home/kobifeldman/Code-Complexity-Research/complexity-verification-project/dataset9/src/main/java/CodeSnippets.java:1845: warning: [return] incompatible types in return.
            return null;
                   ^
  type of expression: null (NullType)
  method return type: @Initialized @NonNull CodeSnippets.@Initialized @NonNull USegment
/home/kobifeldman/Code-Complexity-Research/complexity-verification-project/dataset9/src/main/java/CodeSnippets.java:1738: warning: [override.param] Incompatible parameter type for a.
        public Object[] toArray(Object[] a) {
                                         ^
  found   : @MustCall Object @MustCall []
  required: @MustCallUnknown Object @MustCall []
  Consequence: method in @MustCall CodeSnippets.@MustCall NotificationList
    @MustCall Object @MustCall [] toArray(@MustCall CodeSnippets.@MustCall NotificationList this, @MustCall Object @MustCall [] p0)
  cannot override method in @MustCall Collection</*INFERENCE FAILED for:*/ ? extends @MustCall Object>
    @MustCallUnknown Object @MustCall [] toArray(@MustCall Collection this, @MustCallUnknown Object @MustCall [] p0)
/home/kobifeldman/Code-Complexity-Research/complexity-verification-project/dataset9/src/main/java/CodeSnippets.java:1668: warning: [override.return] Incompatible return type.
        public int size() {
               ^
  found   : @LowerBoundUnknown int
  required: @NonNegative int
  Consequence: method in @LowerBoundUnknown CodeSnippets.@LowerBoundUnknown NotificationList
    @LowerBoundUnknown int size(@LowerBoundUnknown CodeSnippets.@LowerBoundUnknown NotificationList this)
  cannot override method in @LowerBoundUnknown Collection</*INFERENCE FAILED for:*/ ? extends @LowerBoundUnknown Object>
    @NonNegative int size(@LowerBoundUnknown Collection</*INFERENCE FAILED for:*/ ? extends @LowerBoundUnknown Object> this)
Note: /home/kobifeldman/Code-Complexity-Research/complexity-verification-project/dataset9/src/main/java/CodeSnippets.java uses or overrides a deprecated API.
Note: Recompile with -Xlint:deprecation for details.
85 warnings
/home/kobifeldman/Code-Complexity-Research/complexity-verification-project/simple-datasets/src/main/java/fMRI_Study_Classes/isPalindrome.java:14: warning: [argument] incompatible argument for parameter index of charAt.
            if (word.charAt(i) != word.charAt(j)) {
                                              ^
  found   : @LowerBoundUnknown int
  required: @NonNegative int
/home/kobifeldman/Code-Complexity-Research/complexity-verification-project/simple-datasets/src/main/java/fMRI_Study_Classes/RecursiveBinaryToDecimal.java:16: warning: [argument] incompatible argument for parameter index of charAt.
        if (s.charAt(number) == '0'){
                     ^
  found   : @UpperBoundUnknown int
  required: @LTLengthOf("s") int
/home/kobifeldman/Code-Complexity-Research/complexity-verification-project/simple-datasets/src/main/java/fMRI_Study_Classes/YesNo.java:25: warning: [return] incompatible types in return.
        return null;
               ^
  type of expression: null (NullType)
  method return type: @Initialized @NonNull Boolean
/home/kobifeldman/Code-Complexity-Research/complexity-verification-project/simple-datasets/src/main/java/cog_complexity_validation_datasets/Three/Tasks_1.java:622: warning: [dep-ann] deprecated item is not annotated with @Deprecated
    public void Date(int daysSince1970) { // return type void added to allow compilation
                ^
/home/kobifeldman/Code-Complexity-Research/complexity-verification-project/simple-datasets/src/main/java/cog_complexity_validation_datasets/Three/Tasks_1.java:551: warning: [return] incompatible types in return.
                return null;
                       ^
  type of expression: null (NullType)
  method return type: @Initialized @NonNull Object
/home/kobifeldman/Code-Complexity-Research/complexity-verification-project/simple-datasets/src/main/java/cog_complexity_validation_datasets/Three/Tasks_1.java:598: warning: [argument] incompatible argument for parameter w of setFullScreenWindow.
            gd.setFullScreenWindow(null);
                                   ^
  found   : null (NullType)
  required: @Initialized @NonNull Window
/home/kobifeldman/Code-Complexity-Research/complexity-verification-project/simple-datasets/src/main/java/cog_complexity_validation_datasets/Three/Tasks_1.java:840: warning: [not.interned] attempting to use a non-@Interned comparison operand
        if (p.getTile().getSettlement() != null && p.getTile().getSettlement().getOwner() == player
                                                                                       ^
/home/kobifeldman/Code-Complexity-Research/complexity-verification-project/simple-datasets/src/main/java/cog_complexity_validation_datasets/Three/Tasks_1.java:840: warning: [not.interned] attempting to use a non-@Interned comparison operand
        if (p.getTile().getSettlement() != null && p.getTile().getSettlement().getOwner() == player
                                                                                             ^
/home/kobifeldman/Code-Complexity-Research/complexity-verification-project/simple-datasets/src/main/java/cog_complexity_validation_datasets/Three/Tasks_1.java:841: warning: [not.interned] attempting to use a non-@Interned comparison operand
                && p.getTile().getSettlement() != inSettlement) {
                                            ^
/home/kobifeldman/Code-Complexity-Research/complexity-verification-project/simple-datasets/src/main/java/cog_complexity_validation_datasets/Three/Tasks_1.java:841: warning: [not.interned] attempting to use a non-@Interned comparison operand
                && p.getTile().getSettlement() != inSettlement) {
                                                  ^
/home/kobifeldman/Code-Complexity-Research/complexity-verification-project/simple-datasets/src/main/java/cog_complexity_validation_datasets/Three/Tasks_1.java:820: warning: [required.method.not.called] @MustCall method close may not have been invoked on temp-var-209 or any of its aliases.
            getWriter().println("There was " + result.getFailureCount() + " failure:");
                     ^
  The type of object is: java.io.PrintWriter.
  Reason for going out of scope: regular method exit
/home/kobifeldman/Code-Complexity-Research/complexity-verification-project/simple-datasets/src/main/java/cog_complexity_validation_datasets/Three/Tasks_1.java:822: warning: [required.method.not.called] @MustCall method close may not have been invoked on temp-var-212 or any of its aliases.
            getWriter().println("There were " + result.getFailureCount() + " failures:");
                     ^
  The type of object is: java.io.PrintWriter.
  Reason for going out of scope: regular method exit
/home/kobifeldman/Code-Complexity-Research/complexity-verification-project/simple-datasets/src/main/java/cog_complexity_validation_datasets/Three/Tasks_1.java:555: warning: [array.access.unsafe.high.constant] Potentially unsafe array access: the constant index 0 could be larger than the array's bound
                Action action = menu.getSubItems()[0].getAction();
                                                   ^
  found   : @UnknownVal AbstractButton @UnknownVal []
  required: @MinLen(1) -- an array guaranteed to have at least 1 elements
/home/kobifeldman/Code-Complexity-Research/complexity-verification-project/simple-datasets/src/main/java/cog_complexity_validation_datasets/Three/Tasks_1.java:565: warning: [argument] incompatible argument for parameter beginIndex of substring.
        String result = DELTA_START + source.substring(fPrefix, source.length() - fSuffix + 1) + DELTA_END;
                                                       ^
  found   : @LowerBoundUnknown int
  required: @NonNegative int
/home/kobifeldman/Code-Complexity-Research/complexity-verification-project/simple-datasets/src/main/java/cog_complexity_validation_datasets/Three/Tasks_1.java:565: warning: [argument] incompatible argument for parameter beginIndex of substring.
        String result = DELTA_START + source.substring(fPrefix, source.length() - fSuffix + 1) + DELTA_END;
                                                       ^
  found   : @UpperBoundUnknown int
  required: @LTEqLengthOf("source") int
/home/kobifeldman/Code-Complexity-Research/complexity-verification-project/simple-datasets/src/main/java/cog_complexity_validation_datasets/Three/Tasks_1.java:565: warning: [argument] incompatible argument for parameter endIndex of substring.
        String result = DELTA_START + source.substring(fPrefix, source.length() - fSuffix + 1) + DELTA_END;
                                                                                          ^
  found   : @LowerBoundUnknown int
  required: @NonNegative int
/home/kobifeldman/Code-Complexity-Research/complexity-verification-project/simple-datasets/src/main/java/cog_complexity_validation_datasets/Three/Tasks_1.java:565: warning: [argument] incompatible argument for parameter endIndex of substring.
        String result = DELTA_START + source.substring(fPrefix, source.length() - fSuffix + 1) + DELTA_END;
                                                                                          ^
  found   : @LTLengthOf(value="source", offset="this.fSuffix - 2") int
  required: @LTEqLengthOf("source") int
/home/kobifeldman/Code-Complexity-Research/complexity-verification-project/simple-datasets/src/main/java/cog_complexity_validation_datasets/Three/Tasks_1.java:853: warning: [argument] incompatible argument for parameter arg1 of arraycopy.
            System.arraycopy(buffer, bufpos - len + 1, ret, 0, len);
                                                  ^
  found   : @LowerBoundUnknown int
  required: @NonNegative int
/home/kobifeldman/Code-Complexity-Research/complexity-verification-project/simple-datasets/src/main/java/cog_complexity_validation_datasets/Three/Tasks_1.java:853: warning: [argument] incompatible argument for parameter arg4 of arraycopy.
            System.arraycopy(buffer, bufpos - len + 1, ret, 0, len);
                                                               ^
  found   : @LowerBoundUnknown int
  required: @NonNegative int
/home/kobifeldman/Code-Complexity-Research/complexity-verification-project/simple-datasets/src/main/java/cog_complexity_validation_datasets/Three/Tasks_1.java:853: warning: [argument] incompatible argument for parameter arg4 of arraycopy.
            System.arraycopy(buffer, bufpos - len + 1, ret, 0, len);
                                                               ^
  found   : @UpperBoundUnknown int
  required: @LTLengthOf(offset={"this.bufpos - this.len + 1 - 1", "0 - 1"}, value={"this.buffer", "this.ret"}) int
/home/kobifeldman/Code-Complexity-Research/complexity-verification-project/simple-datasets/src/main/java/cog_complexity_validation_datasets/Three/Tasks_1.java:855: warning: [argument] incompatible argument for parameter arg1 of arraycopy.
            System.arraycopy(buffer, bufsize - (len - bufpos - 1), ret, 0,
                                             ^
  found   : @LowerBoundUnknown int
  required: @NonNegative int
/home/kobifeldman/Code-Complexity-Research/complexity-verification-project/simple-datasets/src/main/java/cog_complexity_validation_datasets/Three/Tasks_1.java:856: warning: [argument] incompatible argument for parameter arg4 of arraycopy.
                    len - bufpos - 1);
                                 ^
  found   : @LowerBoundUnknown int
  required: @NonNegative int
/home/kobifeldman/Code-Complexity-Research/complexity-verification-project/simple-datasets/src/main/java/cog_complexity_validation_datasets/Three/Tasks_1.java:856: warning: [argument] incompatible argument for parameter arg4 of arraycopy.
                    len - bufpos - 1);
                                 ^
  found   : @UpperBoundUnknown int
  required: @LTLengthOf(offset={"this.bufsize - (len - bufpos - 1) - 1", "0 - 1"}, value={"this.buffer", "this.ret"}) int
/home/kobifeldman/Code-Complexity-Research/complexity-verification-project/simple-datasets/src/main/java/cog_complexity_validation_datasets/Three/Tasks_1.java:857: warning: [argument] incompatible argument for parameter arg3 of arraycopy.
            System.arraycopy(buffer, 0, ret, len - bufpos - 1, bufpos + 1);
                                                          ^
  found   : @LowerBoundUnknown int
  required: @NonNegative int
/home/kobifeldman/Code-Complexity-Research/complexity-verification-project/simple-datasets/src/main/java/cog_complexity_validation_datasets/Three/Tasks_1.java:857: warning: [argument] incompatible argument for parameter arg4 of arraycopy.
            System.arraycopy(buffer, 0, ret, len - bufpos - 1, bufpos + 1);
                                                                      ^
  found   : @LowerBoundUnknown int
  required: @NonNegative int
/home/kobifeldman/Code-Complexity-Research/complexity-verification-project/simple-datasets/src/main/java/cog_complexity_validation_datasets/Three/Tasks_1.java:857: warning: [argument] incompatible argument for parameter arg4 of arraycopy.
            System.arraycopy(buffer, 0, ret, len - bufpos - 1, bufpos + 1);
                                                                      ^
  found   : @UpperBoundUnknown int
  required: @LTLengthOf(offset={"0 - 1", "this.len - this.bufpos - 1 - 1"}, value={"this.buffer", "this.ret"}) int
/home/kobifeldman/Code-Complexity-Research/complexity-verification-project/simple-datasets/src/main/java/cog_complexity_validation_datasets/Three/Tasks_2.java:353: warning: [argument] incompatible argument for parameter o of Tasks_2.
            super(freeColClient, "unit.state.8", null, KeyStroke.getKeyStroke('D', 0));
                                                 ^
  found   : null (NullType)
  required: @Initialized @NonNull Object
/home/kobifeldman/Code-Complexity-Research/complexity-verification-project/simple-datasets/src/main/java/cog_complexity_validation_datasets/Three/Tasks_2.java:354: warning: [method.invocation] call to putValue(java.lang.Object,java.lang.Object) not allowed on the given receiver.
            putValue(BUTTON_IMAGE, freeColClient.getImageLibrary().getUnitButtonImageIcon(ImageLibrary.UNIT_BUTTON_DISBAND,
                    ^
  found   : @UnderInitialization(cog_complexity_validation_datasets.Three.Tasks_2.DisbandUnitAction.class) @NonNull Tasks_2
  required: @Initialized @NonNull Tasks_2
/home/kobifeldman/Code-Complexity-Research/complexity-verification-project/simple-datasets/src/main/java/cog_complexity_validation_datasets/Three/Tasks_2.java:356: warning: [method.invocation] call to putValue(java.lang.Object,java.lang.Object) not allowed on the given receiver.
            putValue(BUTTON_ROLLOVER_IMAGE, freeColClient.getImageLibrary().getUnitButtonImageIcon(
                    ^
  found   : @UnderInitialization(cog_complexity_validation_datasets.Three.Tasks_2.DisbandUnitAction.class) @NonNull Tasks_2
  required: @Initialized @NonNull Tasks_2
/home/kobifeldman/Code-Complexity-Research/complexity-verification-project/simple-datasets/src/main/java/cog_complexity_validation_datasets/Three/Tasks_2.java:392: warning: [return] incompatible types in return.
            return null;
                   ^
  type of expression: null (NullType)
  method return type: @Initialized @NonNull Class<? extends @Initialized @NonNull Throwable>
/home/kobifeldman/Code-Complexity-Research/complexity-verification-project/simple-datasets/src/main/java/cog_complexity_validation_datasets/Three/Tasks_2.java:582: warning: [argument] incompatible argument for parameter o of invoke.
            suite= (Test) suiteMethod.invoke(null); // static method
                                             ^
  found   : null (NullType)
  required: @Initialized @NonNull Object
/home/kobifeldman/Code-Complexity-Research/complexity-verification-project/simple-datasets/src/main/java/cog_complexity_validation_datasets/Three/Tasks_2.java:697: warning: [return] incompatible types in return.
        return null; // Added to allow compilation
               ^
  type of expression: null (NullType)
  method return type: @Initialized @NonNull Description
/home/kobifeldman/Code-Complexity-Research/complexity-verification-project/simple-datasets/src/main/java/cog_complexity_validation_datasets/Three/Tasks_2.java:777: warning: [argument] incompatible argument for parameter o of convertPoint.
        loc = SwingUtilities.convertPoint((Component) e.getSource(), e.getX(), e.getY(), null);
                                                                                         ^
  found   : null (NullType)
  required: @Initialized @NonNull Object
/home/kobifeldman/Code-Complexity-Research/complexity-verification-project/simple-datasets/src/main/java/cog_complexity_validation_datasets/Three/Tasks_2.java:384: warning: [array.length.negative] Variable used in array creation could be negative.
        return list.toArray(new ProgramReceiveTarget[list.size()]);
                                                              ^
  found   : @LowerBoundUnknown int
  required: an integer >= 0 (@NonNegative or @Positive)
/home/kobifeldman/Code-Complexity-Research/complexity-verification-project/simple-datasets/src/main/java/cog_complexity_validation_datasets/Three/Tasks_2.java:400: warning: [array.access.unsafe.high.constant] Potentially unsafe array access: the constant index 1 could be larger than the array's bound
        row[1] = ns.getCatalogName(row[0]);
            ^
  found   : @UnknownVal Boolean @UnknownVal []
  required: @MinLen(2) -- an array guaranteed to have at least 2 elements
/home/kobifeldman/Code-Complexity-Research/complexity-verification-project/simple-datasets/src/main/java/cog_complexity_validation_datasets/Three/Tasks_2.java:400: warning: [array.access.unsafe.high.constant] Potentially unsafe array access: the constant index 0 could be larger than the array's bound
        row[1] = ns.getCatalogName(row[0]);
                                       ^
  found   : @UnknownVal Boolean @UnknownVal []
  required: @MinLen(1) -- an array guaranteed to have at least 1 elements
/home/kobifeldman/Code-Complexity-Research/complexity-verification-project/simple-datasets/src/main/java/cog_complexity_validation_datasets/Three/Tasks_2.java:401: warning: [array.access.unsafe.high.constant] Potentially unsafe array access: the constant index 2 could be larger than the array's bound
        row[2] = schema.equals(defschema) ? Boolean.TRUE
            ^
  found   : @UnknownVal Boolean @UnknownVal []
  required: @MinLen(3) -- an array guaranteed to have at least 3 elements
/home/kobifeldman/Code-Complexity-Research/complexity-verification-project/simple-datasets/src/main/java/cog_complexity_validation_datasets/Three/Tasks_2.java:641: warning: [format.string] invalid format string (is a @Format annotation missing?)
                CONSTRUCTOR_ERROR_FORMAT, simpleName, simpleName));
                                          ^
/home/kobifeldman/Code-Complexity-Research/complexity-verification-project/simple-datasets/src/main/java/cog_complexity_validation_datasets/Three/Tasks_3.java:688: warning: [not.interned] attempting to use a non-@Interned comparison operand
        if (getMessageCount() == MESSAGE_COUNT) {
                           ^
/home/kobifeldman/Code-Complexity-Research/complexity-verification-project/simple-datasets/src/main/java/cog_complexity_validation_datasets/Three/Tasks_3.java:688: warning: [not.interned] attempting to use a non-@Interned comparison operand
        if (getMessageCount() == MESSAGE_COUNT) {
                                 ^
/home/kobifeldman/Code-Complexity-Research/complexity-verification-project/simple-datasets/src/main/java/cog_complexity_validation_datasets/Three/Tasks_3.java:578: warning: [required.method.not.called] @MustCall method close may not have been invoked on stream or any of its aliases.
        ObjectOutputStream stream = new ObjectOutputStream(new FileOutputStream(data));
                           ^
  The type of object is: java.io.ObjectOutputStream.
  Reason for going out of scope: regular method exit
/home/kobifeldman/Code-Complexity-Research/complexity-verification-project/simple-datasets/src/main/java/cog_complexity_validation_datasets/Three/Tasks_3.java:578: warning: [required.method.not.called] @MustCall method close may not have been invoked on temp-var-751 or any of its aliases.
        ObjectOutputStream stream = new ObjectOutputStream(new FileOutputStream(data));
                                                           ^
  The type of object is: java.io.FileOutputStream.
  Reason for going out of scope: possible exceptional exit due to new ObjectOutputStream(new FileOutputStream(data)) with exception type java.io.IOException
/home/kobifeldman/Code-Complexity-Research/complexity-verification-project/simple-datasets/src/main/java/cog_complexity_validation_datasets/Three/Tasks_3.java:596: warning: [array.access.unsafe.low] Potentially unsafe array access: the index could be negative.
            int i = Column.compare(session.database.collation, a[cols[j]],
                                                                     ^
  found   : @LowerBoundUnknown int
  required: an integer >= 0 (@NonNegative or @Positive)
/home/kobifeldman/Code-Complexity-Research/complexity-verification-project/simple-datasets/src/main/java/cog_complexity_validation_datasets/Three/Tasks_3.java:596: warning: [array.access.unsafe.high] Potentially unsafe array access: the index could be larger than the array's bound
            int i = Column.compare(session.database.collation, a[cols[j]],
                                                                     ^
  found   : @UpperBoundUnknown int
  required: @IndexFor("this.a") or @LTLengthOf("this.a") -- an integer less than this.a's length
/home/kobifeldman/Code-Complexity-Research/complexity-verification-project/simple-datasets/src/main/java/cog_complexity_validation_datasets/Three/Tasks_3.java:596: warning: [array.access.unsafe.high.range] Potentially unsafe array access: the index could be larger than the array's bound
            int i = Column.compare(session.database.collation, a[cols[j]],
                                                                      ^
  index type found: @IntRange(from=-2147483648) int
  array type found: @UnknownVal int @UnknownVal []
  required        : index of type @IndexFor("this.cols") or @LTLengthOf("this.cols"), or array of type @MinLen(-9223372036854775808)
/home/kobifeldman/Code-Complexity-Research/complexity-verification-project/simple-datasets/src/main/java/cog_complexity_validation_datasets/Three/Tasks_3.java:597: warning: [array.access.unsafe.low] Potentially unsafe array access: the index could be negative.
                    b[cols[j]], coltypes[cols[j]]);
                          ^
  found   : @LowerBoundUnknown int
  required: an integer >= 0 (@NonNegative or @Positive)
/home/kobifeldman/Code-Complexity-Research/complexity-verification-project/simple-datasets/src/main/java/cog_complexity_validation_datasets/Three/Tasks_3.java:597: warning: [array.access.unsafe.high] Potentially unsafe array access: the index could be larger than the array's bound
                    b[cols[j]], coltypes[cols[j]]);
                          ^
  found   : @UpperBoundUnknown int
  required: @IndexFor("this.b") or @LTLengthOf("this.b") -- an integer less than this.b's length
/home/kobifeldman/Code-Complexity-Research/complexity-verification-project/simple-datasets/src/main/java/cog_complexity_validation_datasets/Three/Tasks_3.java:597: warning: [array.access.unsafe.high.range] Potentially unsafe array access: the index could be larger than the array's bound
                    b[cols[j]], coltypes[cols[j]]);
                           ^
  index type found: @IntRange(from=-2147483648) int
  array type found: @UnknownVal int @UnknownVal []
  required        : index of type @IndexFor("this.cols") or @LTLengthOf("this.cols"), or array of type @MinLen(-9223372036854775808)
/home/kobifeldman/Code-Complexity-Research/complexity-verification-project/simple-datasets/src/main/java/cog_complexity_validation_datasets/Three/Tasks_3.java:597: warning: [array.access.unsafe.low] Potentially unsafe array access: the index could be negative.
                    b[cols[j]], coltypes[cols[j]]);
                                             ^
  found   : @LowerBoundUnknown int
  required: an integer >= 0 (@NonNegative or @Positive)
/home/kobifeldman/Code-Complexity-Research/complexity-verification-project/simple-datasets/src/main/java/cog_complexity_validation_datasets/Three/Tasks_3.java:597: warning: [array.access.unsafe.high] Potentially unsafe array access: the index could be larger than the array's bound
                    b[cols[j]], coltypes[cols[j]]);
                                             ^
  found   : @UpperBoundUnknown int
  required: @IndexFor("this.coltypes") or @LTLengthOf("this.coltypes") -- an integer less than this.coltypes's length
/home/kobifeldman/Code-Complexity-Research/complexity-verification-project/simple-datasets/src/main/java/cog_complexity_validation_datasets/Three/Tasks_3.java:597: warning: [array.access.unsafe.high.range] Potentially unsafe array access: the index could be larger than the array's bound
                    b[cols[j]], coltypes[cols[j]]);
                                              ^
  index type found: @IntRange(from=-2147483648) int
  array type found: @UnknownVal int @UnknownVal []
  required        : index of type @IndexFor("this.cols") or @LTLengthOf("this.cols"), or array of type @MinLen(-9223372036854775808)
/home/kobifeldman/Code-Complexity-Research/complexity-verification-project/simple-datasets/src/main/java/cog_complexity_validation_datasets/Three/Tasks_3.java:702: warning: [array.access.unsafe.low] Potentially unsafe array access: the index could be negative.
                return ((jjbitVec0[i2] & l2) != 0L);
                                   ^
  found   : @LowerBoundUnknown int
  required: an integer >= 0 (@NonNegative or @Positive)
/home/kobifeldman/Code-Complexity-Research/complexity-verification-project/simple-datasets/src/main/java/cog_complexity_validation_datasets/Three/Tasks_3.java:702: warning: [array.access.unsafe.high] Potentially unsafe array access: the index could be larger than the array's bound
                return ((jjbitVec0[i2] & l2) != 0L);
                                   ^
  found   : @UpperBoundUnknown int
  required: @IndexFor("cog_complexity_validation_datasets.Three.Tasks_3.jjbitVec0") or @LTLengthOf("cog_complexity_validation_datasets.Three.Tasks_3.jjbitVec0") -- an integer less than cog_complexity_validation_datasets.Three.Tasks_3.jjbitVec0's length
/home/kobifeldman/Code-Complexity-Research/complexity-verification-project/simple-datasets/src/main/java/cog_complexity_validation_datasets/Three/Tasks_3.java:704: warning: [array.access.unsafe.low] Potentially unsafe array access: the index could be negative.
                if ((jjbitVec1[i1] & l1) != 0L)
                               ^
  found   : @LowerBoundUnknown int
  required: an integer >= 0 (@NonNegative or @Positive)
/home/kobifeldman/Code-Complexity-Research/complexity-verification-project/simple-datasets/src/main/java/cog_complexity_validation_datasets/Three/Tasks_3.java:704: warning: [array.access.unsafe.high] Potentially unsafe array access: the index could be larger than the array's bound
                if ((jjbitVec1[i1] & l1) != 0L)
                               ^
  found   : @UpperBoundUnknown int
  required: @IndexFor("cog_complexity_validation_datasets.Three.Tasks_3.jjbitVec1") or @LTLengthOf("cog_complexity_validation_datasets.Three.Tasks_3.jjbitVec1") -- an integer less than cog_complexity_validation_datasets.Three.Tasks_3.jjbitVec1's length
/home/kobifeldman/Code-Complexity-Research/complexity-verification-project/simple-datasets/src/main/java/cog_complexity_validation_datasets/One/Tasks.java:221: warning: [argument] incompatible argument for parameter index of charAt.
            if (word.charAt(i) != word.charAt(j)) {
                                              ^
  found   : @LowerBoundUnknown int
  required: @NonNegative int
/home/kobifeldman/Code-Complexity-Research/complexity-verification-project/simple-datasets/src/main/java/cog_complexity_validation_datasets/One/Tasks.java:268: warning: [array.access.unsafe.high] Potentially unsafe array access: the index could be larger than the array's bound
                    array2[i][j] += array[i][k]*array1[k][j];
                              ^
  found   : @LTOMLengthOf("array1") int
  required: @IndexFor("array2[i]") or @LTLengthOf("array2[i]") -- an integer less than array2[i]'s length
/home/kobifeldman/Code-Complexity-Research/complexity-verification-project/simple-datasets/src/main/java/cog_complexity_validation_datasets/One/Tasks.java:268: warning: [array.access.unsafe.high] Potentially unsafe array access: the index could be larger than the array's bound
                    array2[i][j] += array[i][k]*array1[k][j];
                                             ^
  found   : @LTLengthOf(value="array1", offset="0") int
  required: @IndexFor("array[i]") or @LTLengthOf("array[i]") -- an integer less than array[i]'s length
/home/kobifeldman/Code-Complexity-Research/complexity-verification-project/simple-datasets/src/main/java/cog_complexity_validation_datasets/One/Tasks.java:268: warning: [array.access.unsafe.high] Potentially unsafe array access: the index could be larger than the array's bound
                    array2[i][j] += array[i][k]*array1[k][j];
                                                          ^
  found   : @LTOMLengthOf("array1") int
  required: @IndexFor("array1[k]") or @LTLengthOf("array1[k]") -- an integer less than array1[k]'s length
/home/kobifeldman/Code-Complexity-Research/complexity-verification-project/simple-datasets/src/main/java/cog_complexity_validation_datasets/One/Tasks.java:275: warning: [array.access.unsafe.high] Potentially unsafe array access: the index could be larger than the array's bound
                System.out.print(" "+array2[i][j]);
                                               ^
  found   : @LTOMLengthOf("array1") int
  required: @IndexFor("array2[i]") or @LTLengthOf("array2[i]") -- an integer less than array2[i]'s length
/home/kobifeldman/Code-Complexity-Research/complexity-verification-project/simple-datasets/src/main/java/cog_complexity_validation_datasets/One/Tasks.java:345: warning: [argument] incompatible argument for parameter index of charAt.
            result.append(Character.toUpperCase(words[i].charAt(0)))
                                                                ^
  found   : @UpperBoundLiteral(0) int
  required: @LTLengthOf("words[i]") int
/home/kobifeldman/Code-Complexity-Research/complexity-verification-project/simple-datasets/src/main/java/cog_complexity_validation_datasets/One/Tasks.java:346: warning: [argument] incompatible argument for parameter beginIndex of substring.
                .append(words[i].substring(1)); // Note: a ")" had to be added here to allow compilation
                                           ^
  found   : @UpperBoundLiteral(1) int
  required: @LTEqLengthOf("words[i]") int
Note: Some input files use unchecked or unsafe operations.
Note: Recompile with -Xlint:unchecked for details.
62 warnings
